INFO-FLOW: Workspace G:/DLA/Lab1/matrixmul/solution1 opened at Tue Nov 17 21:01:45 +0800 2020
Execute     config_clock -quiet -name default -period 10 -default=false 
INFO: [SYN 201-201] Setting up clock 'default' with a period of 10ns.
Execute     open_platform DefaultPlatform 
Execute     import_lib G:/Vivado/Vivado/Vivado/2018.3/common/technology/xilinx/zynq/zynq 
Execute       source G:/Vivado/Vivado/Vivado/2018.3/common/technology/xilinx/common/xilinx.lib 
Execute         source G:/Vivado/Vivado/Vivado/2018.3/common/technology/xilinx/interface/xilinx_interface.lib 
Execute           source G:/Vivado/Vivado/Vivado/2018.3/common/technology/xilinx/interface/plb46.lib 
Execute           source G:/Vivado/Vivado/Vivado/2018.3/common/technology/xilinx/interface/fsl.lib 
Execute           source G:/Vivado/Vivado/Vivado/2018.3/common/technology/xilinx/interface/axi4.lib 
Execute           source G:/Vivado/Vivado/Vivado/2018.3/common/technology/xilinx/interface/maxi.lib 
Execute           source G:/Vivado/Vivado/Vivado/2018.3/common/technology/xilinx/interface/saxilite.lib 
Execute         source G:/Vivado/Vivado/Vivado/2018.3/common/technology/xilinx/common/dsp48.lib 
Execute         source G:/Vivado/Vivado/Vivado/2018.3/common/technology/xilinx/ip/dds_compiler.lib 
Execute         source G:/Vivado/Vivado/Vivado/2018.3/common/technology/xilinx/ip/xfft.lib 
Execute         source G:/Vivado/Vivado/Vivado/2018.3/common/technology/xilinx/ip/xfir.lib 
Execute       source G:/Vivado/Vivado/Vivado/2018.3/common/technology/xilinx/common/xilinx_old.lib 
Execute       source G:/Vivado/Vivado/Vivado/2018.3/common/technology/xilinx/common/xilinx_vivado.lib 
Execute       source G:/Vivado/Vivado/Vivado/2018.3/common/technology/xilinx/common/xilinx.hlp 
Execute         source G:/Vivado/Vivado/Vivado/2018.3/common/technology/xilinx/common/target_info.tcl 
Execute         source G:/Vivado/Vivado/Vivado/2018.3/common/technology/xilinx/interface/xilinx_interface.hlp 
Execute           source G:/Vivado/Vivado/Vivado/2018.3/common/technology/xilinx/interface/maxi.hlp 
Execute           source G:/Vivado/Vivado/Vivado/2018.3/common/technology/xilinx/interface/saxilite.hlp 
Execute         source G:/Vivado/Vivado/Vivado/2018.3/common/technology/xilinx/common/dsp48.hlp 
Execute       source G:/Vivado/Vivado/Vivado/2018.3/common/technology/xilinx/zynq/dsp48e1.hlp 
Execute       get_default_platform 
Execute       config_chip_info -quiet -resource  {SLICE 13300}  {LUT 53200}     {FF 106400} {DSP48E 220}   {BRAM 280}  
Execute       config_chip_info -quiet -speed medium 
Execute       source G:/Vivado/Vivado/Vivado/2018.3/common/technology/xilinx/common/xilinx.hlp 
Execute         source G:/Vivado/Vivado/Vivado/2018.3/common/technology/xilinx/common/target_info.tcl 
Execute         source G:/Vivado/Vivado/Vivado/2018.3/common/technology/xilinx/interface/xilinx_interface.hlp 
Execute           source G:/Vivado/Vivado/Vivado/2018.3/common/technology/xilinx/interface/maxi.hlp 
Execute           source G:/Vivado/Vivado/Vivado/2018.3/common/technology/xilinx/interface/saxilite.hlp 
Execute         source G:/Vivado/Vivado/Vivado/2018.3/common/technology/xilinx/common/dsp48.hlp 
Execute     source G:/Vivado/Vivado/Vivado/2018.3/common/technology/xilinx/zynq/zynq.gen 
Execute       source G:/Vivado/Vivado/Vivado/2018.3/common/technology/xilinx/common/virtex.gen 
Execute         source G:/Vivado/Vivado/Vivado/2018.3/common/technology/xilinx/common/xilinx.gen 
Execute           source G:/Vivado/Vivado/Vivado/2018.3/common/technology/xilinx/interface/plb46.gen 
Execute           source G:/Vivado/Vivado/Vivado/2018.3/common/technology/xilinx/interface/fsl.gen 
Execute           source G:/Vivado/Vivado/Vivado/2018.3/common/technology/xilinx/interface/axi4.gen 
Execute           source G:/Vivado/Vivado/Vivado/2018.3/common/technology/xilinx/interface/nativeAXI4.gen 
Execute             source G:/Vivado/Vivado/Vivado/2018.3/common/technology/xilinx/interface/saxilite.gen 
Execute             source G:/Vivado/Vivado/Vivado/2018.3/common/technology/xilinx/interface/maxi.gen 
Execute           source G:/Vivado/Vivado/Vivado/2018.3/common/technology/xilinx/scripts/xilinxcoregen.gen 
Execute           source G:/Vivado/Vivado/Vivado/2018.3/common/technology/xilinx/interface/XilEDKCoreGen.gen 
Execute           source G:/Vivado/Vivado/Vivado/2018.3/common/technology/xilinx/ip/dds_compiler.gen 
Execute           source G:/Vivado/Vivado/Vivado/2018.3/common/technology/xilinx/ip/util.gen 
Execute           source G:/Vivado/Vivado/Vivado/2018.3/common/technology/xilinx/ip/xfft.gen 
Execute           source G:/Vivado/Vivado/Vivado/2018.3/common/technology/xilinx/ip/xfir.gen 
Command         ap_source done; 0.113 sec.
Execute         source G:/Vivado/Vivado/Vivado/2018.3/common/technology/xilinx/common/dsp48.gen 
Command       ap_source done; 0.116 sec.
Command     ap_source done; 0.116 sec.
Execute     open_platform DefaultPlatform 
Execute     import_lib G:/Vivado/Vivado/Vivado/2018.3/common/technology/xilinx/zynq/zynq_fpv6 
Execute       source G:/Vivado/Vivado/Vivado/2018.3/common/technology/xilinx/common/xilinx_fpv7.lib 
Execute         source G:/Vivado/Vivado/Vivado/2018.3/common/technology/xilinx/common/xilinx_hp.lib 
Execute       source G:/Vivado/Vivado/Vivado/2018.3/common/technology/xilinx/common/xilinx_fpv.hlp 
Execute         source G:/Vivado/Vivado/Vivado/2018.3/common/technology/xilinx/common/xilinx.hlp 
Execute           source G:/Vivado/Vivado/Vivado/2018.3/common/technology/xilinx/common/target_info.tcl 
Execute           source G:/Vivado/Vivado/Vivado/2018.3/common/technology/xilinx/interface/xilinx_interface.hlp 
Execute             source G:/Vivado/Vivado/Vivado/2018.3/common/technology/xilinx/interface/maxi.hlp 
Execute             source G:/Vivado/Vivado/Vivado/2018.3/common/technology/xilinx/interface/saxilite.hlp 
Execute           source G:/Vivado/Vivado/Vivado/2018.3/common/technology/xilinx/common/dsp48.hlp 
Execute       source G:/Vivado/Vivado/Vivado/2018.3/common/technology/xilinx/zynq/zynq_hp.hlp 
Execute     source G:/Vivado/Vivado/Vivado/2018.3/common/technology/xilinx/zynq/zynq_fpv6.gen 
Execute       source G:/Vivado/Vivado/Vivado/2018.3/common/technology/xilinx/common/xilinx_fpv6.gen 
Execute     set_part xc7z020clg400-1 
Execute       add_library xilinx/zynq/zynq:xc7z020:clg400:-1 
Execute         get_default_platform 
Execute         license_isbetapart xc7z020 
Command         license_isbetapart done; error code: 1; 
Execute         get_default_platform 
Execute         config_chip_info -quiet -resource  {SLICE 13300}  {LUT 53200}     {FF 106400} {DSP48E 220}   {BRAM 280}  
Execute         config_chip_info -quiet -speed slow 
Execute       add_library xilinx/zynq/zynq_fpv6 
Execute         get_default_platform 
INFO: [HLS 200-10] Setting target device to 'xc7z020clg400-1'
Execute       get_default_platform 
Execute     get_default_platform 
Execute     config_chip_info -quiet -resource  {SLICE 13300}  {LUT 53200}     {FF 106400} {DSP48E 220}   {BRAM 280}  
Execute     config_chip_info -quiet -speed slow 
Command   open_solution done; 0.203 sec.
Execute   set_part xc7z020clg400-1 -tool vivado 
Execute     add_library xilinx/zynq/zynq:xc7z020:clg400:-1 
Execute       get_default_platform 
Execute       license_isbetapart xc7z020 
Command       license_isbetapart done; error code: 1; 
Execute       get_default_platform 
Execute       config_chip_info -quiet -resource  {SLICE 13300}  {LUT 53200}     {FF 106400} {DSP48E 220}   {BRAM 280}  
Execute       config_chip_info -quiet -speed slow 
Execute     add_library xilinx/zynq/zynq_fpv6 
Execute       get_default_platform 
Execute     get_default_platform 
Execute   create_clock -period 10 -name default 
Execute     config_clock -quiet -name default -period 10 -default=false 
INFO: [SYN 201-201] Setting up clock 'default' with a period of 10ns.
Execute   source ./matrixmul/solution1/directives.tcl 
Execute     set_directive_interface -mode s_axilite matrixmul 
INFO-FLOW: Setting directive 'INTERFACE' s_axilite=positionBoolean0mode port=positionBooleanTextRequiredreturn 
Execute     set_directive_interface -mode m_axi -depth 1024 -offset slave matrixmul A 
INFO-FLOW: Setting directive 'INTERFACE' s_axilite=positionBoolean0mode port=positionBooleanTextRequiredreturn 
INFO-FLOW: Setting directive 'INTERFACE' m_axi=positionBoolean0mode depth=1024 port=positionBooleanTextRequiredA offset=slave 
Execute     set_directive_interface -mode m_axi -depth 1024 -offset slave matrixmul B 
INFO-FLOW: Setting directive 'INTERFACE' s_axilite=positionBoolean0mode port=positionBooleanTextRequiredreturn 
INFO-FLOW: Setting directive 'INTERFACE' m_axi=positionBoolean0mode depth=1024 port=positionBooleanTextRequiredA offset=slave 
INFO-FLOW: Setting directive 'INTERFACE' m_axi=positionBoolean0mode depth=1024 port=positionBooleanTextRequiredB offset=slave 
Execute     set_directive_interface -mode m_axi -depth 1024 -offset slave matrixmul out 
INFO-FLOW: Setting directive 'INTERFACE' s_axilite=positionBoolean0mode port=positionBooleanTextRequiredreturn 
INFO-FLOW: Setting directive 'INTERFACE' m_axi=positionBoolean0mode depth=1024 port=positionBooleanTextRequiredA offset=slave 
INFO-FLOW: Setting directive 'INTERFACE' m_axi=positionBoolean0mode depth=1024 port=positionBooleanTextRequiredB offset=slave 
INFO-FLOW: Setting directive 'INTERFACE' m_axi=positionBoolean0mode depth=1024 port=positionBooleanTextRequiredout offset=slave 
Execute     set_directive_pipeline -II 1 matrixmul/Col 
INFO-FLOW: Setting directive 'INTERFACE' s_axilite=positionBoolean0mode port=positionBooleanTextRequiredreturn 
INFO-FLOW: Setting directive 'INTERFACE' m_axi=positionBoolean0mode depth=1024 port=positionBooleanTextRequiredA offset=slave 
INFO-FLOW: Setting directive 'INTERFACE' m_axi=positionBoolean0mode depth=1024 port=positionBooleanTextRequiredB offset=slave 
INFO-FLOW: Setting directive 'INTERFACE' m_axi=positionBoolean0mode depth=1024 port=positionBooleanTextRequiredout offset=slave 
INFO-FLOW: Setting directive 'PIPELINE' II=1 
Execute   csynth_design 
Execute     get_config_compile -effort 
Execute     get_config_compile -enable_clang39 
Execute     get_config_compile -g 
Execute     get_config_compile -lm 
Execute     get_config_compile -ng 
Execute     get_config_compile -opt_fp 
Execute     get_config_compile -skip_cdt 
Execute     get_config_compile -skip_syncheck 
Execute     get_config_compile -skip_transform 
Execute     config_compile -blackbox  
Command     config_compile done; 0.128 sec.
Execute     get_config_compile -keep_printf 
Execute     elaborate -effort=medium -skip_syncheck=0 -keep_printf=0 -lm=0 -skip_cdt=0 -skip_transform=0 -ng=0 -g=0 -opt_fp=0 -from_csynth_design=1 
Execute       get_config_schedule -relax_ii_for_timing 
INFO: [SCHED 204-61] Option 'relax_ii_for_timing' is enabled, will increase II to preserve clock frequency constraints.
Execute       get_config_schedule -suppress_dependence_error_break 
INFO: [HLS 200-10] Analyzing design file 'matrixmul/matrixmul.cpp' ... 
INFO-FLOW: Compiling one TU...
Execute       is_m_axi_addr64 
INFO-FLOW: Handling matrixmul/matrixmul.cpp as C++
Execute       get_default_platform 
Execute       is_encrypted matrixmul/matrixmul.cpp 
Execute       get_default_platform 
INFO-FLOW: Running: GCC PP
INFO-FLOW: Source preprocessing
Execute       clang  -fno-limit-debug-info -gcc-toolchain "G:/Vivado/Vivado/Vivado/2018.3/msys" -hls  -fno-exceptions  -D__llvm__  -E "matrixmul/matrixmul.cpp"     -fno-math-errno -c -emit-llvm -O0  -mllvm -disable-llvm-optzns -fno-threadsafe-statics  -fno-use-cxa-atexit  -fno-threadsafe-statics -fno-use-cxa-atexit -D__CLANG_3_1__ -D__cdecl= -DAESL_SYN -D__SYNTHESIS__ -D__HLS_SYN__ -I "G:/Vivado/Vivado/Vivado/2018.3/common/technology/autopilot" -I "G:/Vivado/Vivado/Vivado/2018.3/common/technology/autopilot/ap_sysc" -include etc/autopilot_ssdm_op.h -D__DSP48E1__  -o "G:/DLA/Lab1/matrixmul/solution1/.autopilot/db/matrixmul.pp.0.cpp" 
INFO-FLOW: exec G:/Vivado/Vivado/Vivado/2018.3/win64/tools/clang/bin/clang -fno-limit-debug-info -gcc-toolchain G:/Vivado/Vivado/Vivado/2018.3/msys -hls -fno-exceptions -D__llvm__ -E matrixmul/matrixmul.cpp -fno-math-errno -c -emit-llvm -O0 -mllvm -disable-llvm-optzns -fno-threadsafe-statics -fno-use-cxa-atexit -fno-threadsafe-statics -fno-use-cxa-atexit -D__CLANG_3_1__ -D__cdecl= -DAESL_SYN -D__SYNTHESIS__ -D__HLS_SYN__ -I G:/Vivado/Vivado/Vivado/2018.3/common/technology/autopilot -I G:/Vivado/Vivado/Vivado/2018.3/common/technology/autopilot/ap_sysc -include etc/autopilot_ssdm_op.h -D__DSP48E1__ -o G:/DLA/Lab1/matrixmul/solution1/.autopilot/db/matrixmul.pp.0.cpp
Command       clang done; 2.252 sec.
Execute       tidy_31 xilinx-xfmat-array-geometry G:/DLA/Lab1/matrixmul/solution1/.autopilot/db/matrixmul.pp.0.cpp std=gnu++98 
INFO-FLOW: exec G:/Vivado/Vivado/Vivado/2018.3/win64/tools/clang-3.9-csynth/bin/tidy-3.1 -header-filter=.* -checks=-*,xilinx-xfmat-array-geometry -quiet -fix G:/DLA/Lab1/matrixmul/solution1/.autopilot/db/matrixmul.pp.0.cpp -- -std=gnu++98 -fhls -ferror-limit=0
Command       tidy_31 done; 1.004 sec.
INFO-FLOW: Syntax Checking before pre-processing...
Execute       clang -syntaxcheck -src G:/DLA/Lab1/matrixmul/solution1/.autopilot/db/matrixmul.pp.0.cpp  -fno-limit-debug-info -gcc-toolchain "G:/Vivado/Vivado/Vivado/2018.3/msys" -hls    -fno-math-errno -c -emit-llvm -O0  -mllvm -disable-llvm-optzns -fno-threadsafe-statics  -fno-use-cxa-atexit  -fno-threadsafe-statics -fno-use-cxa-atexit -D__CLANG_3_1__ -D__cdecl= -DAESL_SYN -D__SYNTHESIS__ -D__HLS_SYN__ -I "G:/Vivado/Vivado/Vivado/2018.3/common/technology/autopilot" -I "G:/Vivado/Vivado/Vivado/2018.3/common/technology/autopilot/ap_sysc" -include etc/autopilot_ssdm_op.h -D__DSP48E1__  "G:/DLA/Lab1/matrixmul/solution1/.autopilot/db/matrixmul.pp.0.cpp"  -o "G:/DLA/Lab1/matrixmul/solution1/.autopilot/db/useless.bc"  
INFO-FLOW: exec G:/Vivado/Vivado/Vivado/2018.3/win64/tools/clang/bin/clang -fno-limit-debug-info -gcc-toolchain G:/Vivado/Vivado/Vivado/2018.3/msys -hls -fno-math-errno -c -emit-llvm -O0 -mllvm -disable-llvm-optzns -fno-threadsafe-statics -fno-use-cxa-atexit -fno-threadsafe-statics -fno-use-cxa-atexit -D__CLANG_3_1__ -D__cdecl= -DAESL_SYN -D__SYNTHESIS__ -D__HLS_SYN__ -I G:/Vivado/Vivado/Vivado/2018.3/common/technology/autopilot -I G:/Vivado/Vivado/Vivado/2018.3/common/technology/autopilot/ap_sysc -include etc/autopilot_ssdm_op.h -D__DSP48E1__ G:/DLA/Lab1/matrixmul/solution1/.autopilot/db/matrixmul.pp.0.cpp -o G:/DLA/Lab1/matrixmul/solution1/.autopilot/db/useless.bc
Command       clang done; 0.988 sec.
INFO-FLOW: Done: GCC PP time: 4.2 seconds per iteration
INFO-FLOW: Setting directive 'INTERFACE' s_axilite=positionBoolean0mode port=positionBooleanTextRequiredreturn 
INFO-FLOW: Setting directive 'INTERFACE' m_axi=positionBoolean0mode depth=1024 port=positionBooleanTextRequiredA offset=slave 
INFO-FLOW: Setting directive 'INTERFACE' m_axi=positionBoolean0mode depth=1024 port=positionBooleanTextRequiredB offset=slave 
INFO-FLOW: Setting directive 'INTERFACE' m_axi=positionBoolean0mode depth=1024 port=positionBooleanTextRequiredout offset=slave 
INFO-FLOW: Setting directive 'PIPELINE' II=1 
INFO-FLOW: Setting directive 'INTERFACE' s_axilite=positionBoolean0mode port=positionBooleanTextRequiredreturn 
INFO-FLOW: Setting directive 'INTERFACE' m_axi=positionBoolean0mode depth=1024 port=positionBooleanTextRequiredA offset=slave 
INFO-FLOW: Setting directive 'INTERFACE' m_axi=positionBoolean0mode depth=1024 port=positionBooleanTextRequiredB offset=slave 
INFO-FLOW: Setting directive 'INTERFACE' m_axi=positionBoolean0mode depth=1024 port=positionBooleanTextRequiredout offset=slave 
INFO-FLOW: Setting directive 'PIPELINE' II=1 
Execute       list_core -type functional_unit 
Execute       tidy_31 xilinx-systemc-detector G:/DLA/Lab1/matrixmul/solution1/.autopilot/db/matrixmul.pp.0.cpp std=gnu++98 -directive=G:/DLA/Lab1/matrixmul/solution1/.autopilot/db/.systemc_flag 
INFO-FLOW: exec G:/Vivado/Vivado/Vivado/2018.3/win64/tools/clang-3.9-csynth/bin/tidy-3.1 -header-filter=.* -checks=-*,xilinx-systemc-detector -import-directive=G:/DLA/Lab1/matrixmul/solution1/.autopilot/db/.systemc_flag -quiet -fix-errors G:/DLA/Lab1/matrixmul/solution1/.autopilot/db/matrixmul.pp.0.cpp -- -std=gnu++98 -fhls -ferror-limit=0
INFO-FLOW: Running: tidy-3.1 CDT preprocess
Execute       tidy_31 xilinx-directive2pragma G:/DLA/Lab1/matrixmul/solution1/.autopilot/db/matrixmul.pp.0.cpp std=gnu++98 -directive=G:/DLA/Lab1/matrixmul/solution1/.autopilot/db/all.directive.json 
INFO-FLOW: exec G:/Vivado/Vivado/Vivado/2018.3/win64/tools/clang-3.9-csynth/bin/tidy-3.1 -header-filter=.* -checks=-*,xilinx-directive2pragma -import-directive=G:/DLA/Lab1/matrixmul/solution1/.autopilot/db/all.directive.json -quiet -fix-errors G:/DLA/Lab1/matrixmul/solution1/.autopilot/db/matrixmul.pp.0.cpp -- -std=gnu++98 -fhls -ferror-limit=0
Execute       get_config_dataflow -strict_mode 
Execute       ap_eval exec -ignorestderr G:/Vivado/Vivado/Vivado/2018.3/win64/tools/clang-3.9-csynth/bin/xilinx-dataflow-lawyer -export-fixes=G:/DLA/Lab1/matrixmul/solution1/.autopilot/db/xilinx-dataflow-lawyer.matrixmul.pp.0.cpp.diag.yml G:/DLA/Lab1/matrixmul/solution1/.autopilot/db/matrixmul.pp.0.cpp -- -std=gnu++98 -fhls -ferror-limit=0 -fstrict-dataflow > G:/DLA/Lab1/matrixmul/solution1/.autopilot/db/xilinx-dataflow-lawyer.matrixmul.pp.0.cpp.out.log 2> G:/DLA/Lab1/matrixmul/solution1/.autopilot/db/xilinx-dataflow-lawyer.matrixmul.pp.0.cpp.err.log 
Command       ap_eval done; 0.74 sec.
Execute       tidy_31 -errorcheck xilinx-constantarray-param,xilinx-resource-pragma-transformer,xilinx-xfmat-array-geometry G:/DLA/Lab1/matrixmul/solution1/.autopilot/db/matrixmul.pp.0.cpp std=gnu++98 
Execute         ap_eval exec -ignorestderr G:/Vivado/Vivado/Vivado/2018.3/win64/tools/clang-3.9-csynth/bin/tidy-3.1 -export-fixes=G:/DLA/Lab1/matrixmul/solution1/.autopilot/db/tidy-3.1.matrixmul.pp.0.cpp.diag.yml -header-filter=.* -checks=-*,xilinx-constantarray-param,xilinx-resource-pragma-transformer,xilinx-xfmat-array-geometry -quiet -fix-errors G:/DLA/Lab1/matrixmul/solution1/.autopilot/db/matrixmul.pp.0.cpp -- -std=gnu++98 -fhls -ferror-limit=0 > G:/DLA/Lab1/matrixmul/solution1/.autopilot/db/tidy-3.1.matrixmul.pp.0.cpp.out.log 2> G:/DLA/Lab1/matrixmul/solution1/.autopilot/db/tidy-3.1.matrixmul.pp.0.cpp.err.log 
Execute         ap_eval exec -ignorestderr G:/Vivado/Vivado/Vivado/2018.3/win64/tools/clang-3.9-csynth/bin/xilinx-legacy-rewriter G:/DLA/Lab1/matrixmul/solution1/.autopilot/db/matrixmul.pp.0.cpp -- -std=gnu++98 -fhls -ferror-limit=0 > G:/DLA/Lab1/matrixmul/solution1/.autopilot/db/xilinx-legacy-rewriter.matrixmul.pp.0.cpp.out.log 2> G:/DLA/Lab1/matrixmul/solution1/.autopilot/db/xilinx-legacy-rewriter.matrixmul.pp.0.cpp.err.log 
Command         ap_eval done; 0.672 sec.
Command       tidy_31 done; 0.79 sec.
INFO-FLOW: Done: tidy-3.1 CDT preprocess time: 1.6 seconds per iteration
INFO-FLOW: Pragma Handling...
Execute       tidy_31 xilinx-ssdm-intrinsics-arguments G:/DLA/Lab1/matrixmul/solution1/.autopilot/db/matrixmul.pragma.1.cpp std=gnu++98 
INFO-FLOW: exec G:/Vivado/Vivado/Vivado/2018.3/win64/tools/clang-3.9-csynth/bin/tidy-3.1 -header-filter=.* -checks=-*,xilinx-ssdm-intrinsics-arguments -quiet -fix-errors G:/DLA/Lab1/matrixmul/solution1/.autopilot/db/matrixmul.pragma.1.cpp -- -std=gnu++98 -fhls -ferror-limit=0
Execute       get_default_platform 
INFO-FLOW: Processing labels
Execute       clang -src G:/DLA/Lab1/matrixmul/solution1/.autopilot/db/matrixmul.pragma.2.cpp  -fno-limit-debug-info -gcc-toolchain G:/Vivado/Vivado/Vivado/2018.3/msys -hls -hls-analyze-label -hls-analyze-pragma -fno-exceptions  -D__llvm__  -w  "G:/DLA/Lab1/matrixmul/solution1/.autopilot/db/matrixmul.pragma.2.cpp"    -fno-math-errno -c -emit-llvm -O0  -mllvm -disable-llvm-optzns -fno-threadsafe-statics  -fno-use-cxa-atexit -DAESL_SYN -D__SYNTHESIS__ -D__HLS_SYN__ -I "G:/Vivado/Vivado/Vivado/2018.3/common/technology/autopilot" -I "G:/Vivado/Vivado/Vivado/2018.3/common/technology/autopilot/ap_sysc" -include etc/autopilot_ssdm_op.h -D__DSP48E1__ -g -o "G:/DLA/Lab1/matrixmul/solution1/.autopilot/db/matrixmul.bc" 
INFO-FLOW: exec G:/Vivado/Vivado/Vivado/2018.3/win64/tools/clang/bin/clang -fno-limit-debug-info -gcc-toolchain G:/Vivado/Vivado/Vivado/2018.3/msys -hls -hls-analyze-label -hls-analyze-pragma -fno-exceptions -D__llvm__ -w G:/DLA/Lab1/matrixmul/solution1/.autopilot/db/matrixmul.pragma.2.cpp -fno-math-errno -c -emit-llvm -O0 -mllvm -disable-llvm-optzns -fno-threadsafe-statics -fno-use-cxa-atexit -DAESL_SYN -D__SYNTHESIS__ -D__HLS_SYN__ -I G:/Vivado/Vivado/Vivado/2018.3/common/technology/autopilot -I G:/Vivado/Vivado/Vivado/2018.3/common/technology/autopilot/ap_sysc -include etc/autopilot_ssdm_op.h -D__DSP48E1__ -g -o G:/DLA/Lab1/matrixmul/solution1/.autopilot/db/matrixmul.bc
Command       clang done; 0.742 sec.
INFO-FLOW: Linking Debug ...
Execute       llvm-ld G:/DLA/Lab1/matrixmul/solution1/.autopilot/db/matrixmul.g.bc -hls-opt -except-internalize matrixmul -LG:/Vivado/Vivado/Vivado/2018.3/win64/lib -lhlsm -lhlsmc++ -o G:/DLA/Lab1/matrixmul/solution1/.autopilot/db/a.g 
Command       llvm-ld done; 11.368 sec.
INFO: [HLS 200-111] Finished Linking Time (s): cpu = 00:00:01 ; elapsed = 00:00:19 . Memory (MB): peak = 103.285 ; gain = 18.242
INFO: [HLS 200-111] Finished Checking Pragmas Time (s): cpu = 00:00:01 ; elapsed = 00:00:19 . Memory (MB): peak = 103.285 ; gain = 18.242
Execute       get_config_sdx -target 
Execute       opt_and_import_c a -opt_level=2 -skip_syncheck=0 -ng=0 -keep_printf=0 
Execute         cleanup_all_models 
INFO: [HLS 200-10] Starting code transformations ...
Execute         transform -promote-dbg-pointer G:/DLA/Lab1/matrixmul/solution1/.autopilot/db/a.pp.bc -o G:/DLA/Lab1/matrixmul/solution1/.autopilot/db/a.pp.0.bc -f 
Command         transform done; 0.443 sec.
Execute         llvm-ld G:/DLA/Lab1/matrixmul/solution1/.autopilot/db/a.pp.0.bc -disable-opt -LG:/Vivado/Vivado/Vivado/2018.3/win64/lib -lfloatconversion -o G:/DLA/Lab1/matrixmul/solution1/.autopilot/db/a.g.0 
Command         llvm-ld done; 0.447 sec.
INFO-FLOW: Running Standard Transforms...
Execute         transform -hls -share-std-xform -demangle-name -inline-byval-memcpy -always-inline -promote-dbg-pointer -interface-preproc -mem2reg -lower-blackbox -scalarrepl -mem2reg -keep-read-access -instcombine -dce -promote-dbg-pointer -bitop-raise -loop-simplify -indvarspre -indvars -loop-simplify -xunroll -constprop -instcombine -simplifycfg -indvars -simplifycfg -dce -globaldce -basicaa -simplifycfg -mem2reg -globalopt -global-constprop -deadargelim -instcombine -simplifycfg -prune-eh -simplifycfg -scalarrepl -instcombine -reassociate -licm -simplifycfg -loop-simplify -indvars -instcombine -simplifycfg -mem2reg -loop-simplify -indvars -instcombine -gvn -gvn -instcombine -adce -break-crit-edges -simplifycfg -loop-delete -global-array-opt -dce -dse -adce -find-syn-modules -top matrixmul -deadargelim -mem2reg -instcombine -dce -presyn-prepare -auto-rom-infer -interface-preproc -syn-check -check-rec-only -find-region -simplifycfg -func-extr -function-inline -globaldce -mem2reg -instcombine -dce -gvn -globaldce -adce -adse -constprop -instcombine -bit-constprop -instcombine -dce -simplifycfg -bitop-raise -simplifycfg -dce -loop-delete -reassociate -globalopt -global-privatize -mem2reg -dce -global-constprop -pointer-simplify -constprop -dce -func-inst -deadargelim -auto-shift-reg-idiom -promote-dbg-pointer -norm-name G:/DLA/Lab1/matrixmul/solution1/.autopilot/db/a.g.0.bc -o G:/DLA/Lab1/matrixmul/solution1/.autopilot/db/a.g.1.bc -f -phase std-opt 
Command         transform done; 0.147 sec.
INFO: [HLS 200-111] Finished Standard Transforms Time (s): cpu = 00:00:01 ; elapsed = 00:00:20 . Memory (MB): peak = 104.344 ; gain = 19.301
INFO: [HLS 200-10] Checking synthesizability ...
INFO-FLOW: Checking Synthesizability 1/2..
Execute         transform -hls -syn-check -check-rec-only -disaggr -scalarrepl -norm-name -dce -mem2reg -instcombine -function-uniquify -directive-preproc -mem2reg -dse -dce -auto-rom-infer -dce -pag -array-normalize -instcombine -dce -warn-fifo-pointer -array-seg-normalize -instcombine -dce -array-flatten -instcombine -dce -array-burst -dce -deadargelim -promote-global-argument -simplifycfg -mem2reg -globaldce -resolve-double-ptr -dce -deadargelim -dce -instcombine -function-inline -globaldce -dce -doublePtrSimplify -doublePtrElim -dce -doublePtrSimplify -promote-dbg-pointer -dce -scalarrepl -dse -adse -instcombine -ptrLegalization -simplifycfg -dce -instcombine -pointer-simplify -ptrArgReplace -dce -instcombine -disaggr -scalarrepl -norm-name -dce -mem2reg -instcombine -ptrLegalization -simplifycfg -deadargelim -instcombine -dce -inst-simplify -function-uniquify -directive-preproc -mem2reg -dse -dce -globaldce -check-dspbuiltin G:/DLA/Lab1/matrixmul/solution1/.autopilot/db/a.g.1.bc -o G:/DLA/Lab1/matrixmul/solution1/.autopilot/db/a.g.2.prechk.bc -f 
INFO-FLOW: Checking Synthesizability 2/2..
Execute         transform -syn-check G:/DLA/Lab1/matrixmul/solution1/.autopilot/db/a.g.2.prechk.bc -o G:/DLA/Lab1/matrixmul/solution1/.autopilot/db/a.g.2.bc -f -phase syn-check 
INFO: [HLS 200-111] Finished Checking Synthesizability Time (s): cpu = 00:00:01 ; elapsed = 00:00:20 . Memory (MB): peak = 104.598 ; gain = 19.555
INFO-FLOW: Compiler optimizing ...
INFO-FLOW: Share syncheck's 1.bc for syn flow: copy G:/DLA/Lab1/matrixmul/solution1/.autopilot/db/a.g.1.bc to G:/DLA/Lab1/matrixmul/solution1/.autopilot/db/a.o.1.bc
INFO-FLOW: Presyn 1...
Execute         transform -hls -tmp G:/DLA/Lab1/matrixmul/solution1/.autopilot/db -interface-port-rename -type-info -function-uniquify -directive-preproc -mem2reg -dse -dce -disaggr -scalarrepl -norm-name -deadargelim -mem2reg -instcombine -dce -simplifycfg -auto-rom-infer -dce -function-uniquify -resource-proc -simplifycfg -mem2reg -globaldce -resolve-double-ptr -dce -deadargelim -dce -instcombine -clib-intrinsic-prepare -dce -func-buffer -dce -pag -array-normalize -func-legal -instcombine -gvn -constprop -dce -ptrArgReplace -mem2reg -instcombine -dce -array-seg-normalize -deadargelim -instcombine -dce -pointer-simplify -dce -port-alignment -dce -interface-preproc -data-pack -instcombine -dce -basicaa -aggr-aa -aggrmodref-aa -aggr-aa -gvn -gvn -basicaa -aggr-aa -aggrmodref-aa -aggr-aa -dse -adse -adce -loop-simplify -indvars -instcombine -gvn -loop-simplify -mem2reg -dce -find-region -instcombine -auto-loop-pipeline -inst-simplify -interface-preproc -cfgopt -instcombine -indvars -auto-loop-unroll -loop-simplify -loop-bound -xunroll -constprop -instcombine -simplifycfg -indvars -simplifycfg -dce -globaldce -clean-region -attach-range -gvn -inst-simplify -constprop -simplifycfg -dce -pointer-simplify -dce -globalopt -constprop -dce -array-promote -constprop -instcombine -dce -ptrArgReplace -mem2reg -instcombine -simplifycfg -dce -auto-par -instcombine -dce -array-transform-check -array-reshape -instcombine -simplifycfg -dce -ptrArgReplace -deadargelim -mem2reg -instcombine -simplifycfg -dce -indvars -loop-simplify -loop-bound -xunroll -constprop -instcombine -simplifycfg -indvars -simplifycfg -dce -globaldce -basicaa -aggr-aa -aggrmodref-aa -aggr-aa -dse -duplicate-dataflow-processes -globaldce -instcombine -array-partition -instcombine -simplifycfg -dce -ptrArgReplace -global-constprop -deadargelim -mem2reg -func-legal -instcombine -dce -global-constprop -deadargelim -mem2reg -instcombine -simplifycfg -dce -merge-param -deadargelim -globalopt -constprop -dce -array-promote -constprop -instcombine -dce -ptrArgReplace -mem2reg -instcombine -simplifycfg -dce -mem-intrinsic-preproc -dce -global-internalize -global-privatize -mem2reg -globaldce -promote-global-argument -ptrArgReplace -mem2reg -instcombine -dce -globalopt -mergereturn -simplify-global-access -mem2reg -dce -pointer-simplify -dce -functionattrs -basicaa -aggr-aa -aggrmodref-aa -aggr-aa -gvn -gvn -basicaa -aggr-aa -aggrmodref-aa -aggr-aa -dse -adse -adce -inst-simplify -dce -norm-name -function-inline -globaldce -func-inst -constprop -instcombine -simplifycfg -dce -func-legal -dce -loop-bound -arraycheck -bitwidthmin -on-by-dataflow -loop-delete -instcombine -simplifycfg -globaldce -dce -gvn -deadargelim -dce -loop-simplify -clean-region -simplifycfg -propagate-stable-arguments -loop-stream -instcombine -simplifycfg -dce -globaldce -duplicate-dataflow-processes -stream-intrinsic-preproc -dce -check-ap-stream -loop-simplify -eliminate-keepreads -extract-dataflow-in-loop -loop-simplify -dce -gvn -deadargelim -dse -check-dataflow-syntax -legalize-stream-variable -legalize-global -extract-subproc -dce -dead-channel-elimination -canonicalize-gep -globaldce -dce -gvn -deadargelim -annotate-dataflow-channels -scalar-propagation -deadargelim -globaldce -mem2reg -check-dataflow-channels -function-stream -dce -globaldce -prop-fifo-spec -internal-stream-gen -canonicalize-gep -globaldce -dce -gvn -deadargelim -mergereturn -indvars -loop-simplify -instcombine -array-stream -array-seg-normalize -array-partition -func-legal -instcombine -simplifycfg -dce -bundle-memfifo-ops -deadargelim -function-uniquify -directive-preproc -mem2reg -dse -dce -group-axi-access -licm -simplifycfg -dce -loop-delete -norm-name G:/DLA/Lab1/matrixmul/solution1/.autopilot/db/a.o.1.bc -o G:/DLA/Lab1/matrixmul/solution1/.autopilot/db/a.o.1.tmp.bc -f 
INFO: [XFORM 203-502] Unrolling all sub-loops inside loop 'Col' (matrixmul/matrixmul.cpp:24) in function 'matrixmul' for pipelining.
INFO: [HLS 200-489] Unrolling loop 'Product' (matrixmul/matrixmul.cpp:27) in function 'matrixmul' completely with a factor of 4.
Command         transform done; 0.123 sec.
INFO-FLOW: Presyn 2...
Execute         transform -hls -keep-callgraph -scalarrepl -mem2reg -port-alignment -attach-range -dce -pipe-mux-gen -indvars -loop-bound -inst-simplify -instcombine -dce -merge-array-access -mem2reg -dce -clean-region -mergereturn -if-conv -instcombine -dce -constprop -basicaa -aggr-aa -aggrmodref-aa -aggr-aa -gvn -gvn -basicaa -aggr-aa -aggrmodref-aa -aggr-aa -dse -adse -adce -scalarrepl -mem2reg -global-constprop -deadargelim -deadargelim -instcombine -dce -simplifycfg -ptrArgReplace -mem2reg -function-inline -globaldce -mem2reg -instcombine -dce -expr-balance -instcombine -dce -bitwidthmin -interface-preproc -directive-preproc -inst-rectify -instcombine -dce -functionattrs -constprop -instcombine -bit-constprop -simplify-global-access -globalopt -globaldce -inst-simplify -instcombine -elimdeaddata -dce -loop-delete -simplifycfg -loop-simplify -auto-burst -norm-name G:/DLA/Lab1/matrixmul/solution1/.autopilot/db/a.o.1.tmp.bc -o G:/DLA/Lab1/matrixmul/solution1/.autopilot/db/a.o.2.bc -f -phase presyn 
INFO: [XFORM 203-11] Balancing expressions in function 'matrixmul' (matrixmul/matrixmul.cpp:18)...3 expression(s) balanced.
INFO: [HLS 200-111] Finished Pre-synthesis Time (s): cpu = 00:00:01 ; elapsed = 00:00:20 . Memory (MB): peak = 126.453 ; gain = 41.410
INFO-FLOW: Building ssdm...
Execute         transform -hls -function-uniquify -auto-function-inline -globaldce -ptrArgReplace -mem2reg -instcombine -dce -reset-lda -loop-simplify -indvars -licm -loop-dep -loop-bound -licm -loop-simplify -flattenloopnest -array-flatten -gvn -instcombine -dce -array-map -dce -func-legal -gvn -adce -instcombine -cfgopt -simplifycfg -loop-simplify -array-burst -promote-global-argument -dce -axi4-lower -array-seg-normalize -basicaa -aggrmodref-aa -globalsmodref-aa -aggr-aa -gvn -gvn -basicaa -aggrmodref-aa -globalsmodref-aa -aggr-aa -dse -adse -adce -licm -inst-simplify -dce -globaldce -instcombine -array-stream -eliminate-keepreads -instcombine -dce -deadargelim -doublePtrSimplify -doublePtrElim -dce -doublePtrSimplify -promote-dbg-pointer -dce -scalarrepl -mem2reg -disaggr -norm-name -mem2reg -instcombine -dse -adse -adce -ptrLegalization -dce -auto-rom-infer -array-flatten -dce -instcombine -check-doubleptr -loop-rot -constprop -cfgopt -simplifycfg -loop-simplify -indvars -pointer-simplify -dce -loop-bound -loop-simplify -loop-preproc -constprop -global-constprop -gvn -mem2reg -instcombine -dce -loop-bound -loop-merge -dce -bitwidthmin -deadargelim -dce -canonicalize-dataflow -dce -scalar-propagation -deadargelim -globaldce -mem2reg -read-loop-dep -interface-preproc -directive-preproc -interface-gen -bram-byte-enable -deadargelim -inst-simplify -dce -gvn -mem2reg -instcombine -dce -adse -loop-bound -instcombine -cfgopt -simplifycfg -loop-simplify -clean-region -io-protocol -find-region -mem2reg -bitop-raise -inst-simplify -inst-rectify -instcombine -adce -deadargelim -loop-simplify -phi-opt -bitop-raise -cfgopt -simplifycfg -strip-dead-prototypes -interface-lower -bitop-lower -intrinsic-lower -auto-function-inline -basicaa -aggrmodref-aa -globalsmodref-aa -aggr-aa -inst-simplify -simplifycfg -loop-simplify -mergereturn -inst-simplify -inst-rectify -dce -load-elim -bitop-lower -loop-rewind -pointer-simplify -dce -cfgopt -dce -bitwidth -loop-bound -loop-dep -read-loop-dep -dce -check-stream -norm-name -legalize -validate-dataflow -inst-clarity -cdfg-build G:/DLA/Lab1/matrixmul/solution1/.autopilot/db/a.o.2.bc -o G:/DLA/Lab1/matrixmul/solution1/.autopilot/db/a.o.3.bc -f -phase build-ssdm 
INFO: [XFORM 203-541] Flattening a loop nest 'Row' (matrixmul/matrixmul.cpp:22:6) in function 'matrixmul'.
Command         transform done; 0.193 sec.
INFO: [HLS 200-111] Finished Architecture Synthesis Time (s): cpu = 00:00:01 ; elapsed = 00:00:21 . Memory (MB): peak = 126.453 ; gain = 41.410
INFO-FLOW: Finish building internal data model.
Command       opt_and_import_c done; 1.555 sec.
Command     elaborate done; 19.731 sec.
Execute     autosyn -from_csynth_design=1 
INFO: [HLS 200-10] Starting hardware synthesis ...
INFO-FLOW: Synthesizing C/C++ design ...
INFO: [HLS 200-10] Synthesizing 'matrixmul' ...
Execute       ap_set_top_model matrixmul 
Execute       get_model_list matrixmul -filter all-wo-channel -topdown 
Execute       preproc_iomode -model matrixmul 
Execute       get_model_list matrixmul -filter all-wo-channel 
INFO-FLOW: Model list for configure: matrixmul
INFO-FLOW: Configuring Module : matrixmul ...
Execute       set_default_model matrixmul 
Execute       apply_spec_resource_limit matrixmul 
INFO-FLOW: Model list for preprocess: matrixmul
INFO-FLOW: Preprocessing Module: matrixmul ...
Execute       set_default_model matrixmul 
Execute       cdfg_preprocess -model matrixmul 
Execute       rtl_gen_preprocess matrixmul 
WARNING: [SYN 201-107] Renaming port name 'matrixmul/out' to 'matrixmul/out_r' to avoid the conflict with HDL keywords or other object names.
INFO-FLOW: Model list for synthesis: matrixmul
INFO: [HLS 200-10] ----------------------------------------------------------------
INFO: [HLS 200-42] -- Implementing module 'matrixmul' 
INFO: [HLS 200-10] ----------------------------------------------------------------
Execute       set_default_model matrixmul 
Execute       schedule -model matrixmul 
INFO: [SCHED 204-11] Starting scheduling ...
INFO: [SCHED 204-61] Pipelining loop 'Row_Col'.
WARNING: [SCHED 204-69] Unable to schedule bus request on port 'gmem' (matrixmul/matrixmul.cpp:28) due to limited memory ports. Please consider using a memory core with more ports or partitioning the array.
INFO: [SCHED 204-61] Pipelining result : Target II = 1, Final II = 8, Depth = 24.
INFO: [SCHED 204-11] Finished scheduling.
Command       schedule done; 0.408 sec.
INFO: [HLS 200-111]  Elapsed time: 21.026 seconds; current allocated memory: 77.790 MB.
Execute       report -o G:/DLA/Lab1/matrixmul/solution1/.autopilot/db/matrixmul.verbose.sched.rpt -verbose -f 
Execute       db_write -o G:/DLA/Lab1/matrixmul/solution1/.autopilot/db/matrixmul.sched.adb -f 
INFO-FLOW: Finish scheduling matrixmul.
Execute       set_default_model matrixmul 
Execute       bind -model matrixmul 
BIND OPTION: fu_weight=[ 0.0 -- 1.0 ]
BIND OPTION: model=matrixmul
BIND OPTION: reg_weight=[ 0.0 -- 1.0 ]
INFO: [BIND 205-100] Starting micro-architecture generation ...
INFO: [BIND 205-101] Performing variable lifetime analysis.
INFO: [BIND 205-101] Exploring resource sharing.
INFO: [BIND 205-101] Binding ...
INFO: [BIND 205-100] Finished micro-architecture generation.
INFO: [HLS 200-111]  Elapsed time: 0.182 seconds; current allocated memory: 78.357 MB.
Execute       report -o G:/DLA/Lab1/matrixmul/solution1/.autopilot/db/matrixmul.verbose.bind.rpt -verbose -f 
Execute       db_write -o G:/DLA/Lab1/matrixmul/solution1/.autopilot/db/matrixmul.bind.adb -f 
INFO-FLOW: Finish binding matrixmul.
Execute       get_model_list matrixmul -filter all-wo-channel 
INFO-FLOW: Preprocessing for RTLGen ...
Execute       rtl_gen_preprocess matrixmul 
INFO-FLOW: Model list for RTL generation: matrixmul
INFO: [HLS 200-10] ----------------------------------------------------------------
INFO: [HLS 200-10] -- Generating RTL for module 'matrixmul' 
INFO: [HLS 200-10] ----------------------------------------------------------------
Execute       get_config_rtl -prefix 
Execute       get_config_rtl -auto_prefix 
Execute       create_rtl_model matrixmul -vendor xilinx -mg_file G:/DLA/Lab1/matrixmul/solution1/.autopilot/db/matrixmul.compgen.tcl 
INFO: [RTGEN 206-500] Setting interface mode on port 'matrixmul/gmem' to 'm_axi'.
INFO: [RTGEN 206-500] Setting interface mode on port 'matrixmul/A' to 's_axilite & ap_none'.
INFO: [RTGEN 206-500] Setting interface mode on port 'matrixmul/B' to 's_axilite & ap_none'.
INFO: [RTGEN 206-500] Setting interface mode on port 'matrixmul/out_r' to 's_axilite & ap_none'.
INFO: [RTGEN 206-500] Setting interface mode on function 'matrixmul' to 's_axilite & ap_ctrl_hs'.
INFO: [RTGEN 206-100] Bundling port 'return', 'A', 'B' and 'out_r' to AXI-Lite port AXILiteS.
INFO: [RTGEN 206-100] Finished creating RTL model for 'matrixmul'.
Command       create_rtl_model done; 0.118 sec.
INFO: [HLS 200-111]  Elapsed time: 0.238 seconds; current allocated memory: 79.759 MB.
Execute       source G:/DLA/Lab1/matrixmul/solution1/.autopilot/db/matrixmul.rtl_wrap.cfg.tcl 
Execute       gen_rtl matrixmul -istop -style xilinx -tracefl mytrace -tracefmt vcd -traceopt all -f -lang sc -o G:/DLA/Lab1/matrixmul/solution1/syn/systemc/matrixmul -synmodules matrixmul 
Execute       gen_rtl matrixmul -istop -style xilinx -f -lang vhdl -o G:/DLA/Lab1/matrixmul/solution1/syn/vhdl/matrixmul 
Execute       gen_rtl matrixmul -istop -style xilinx -f -lang vlog -o G:/DLA/Lab1/matrixmul/solution1/syn/verilog/matrixmul 
Execute       export_constraint_db -o G:/DLA/Lab1/matrixmul/solution1/.autopilot/db/matrixmul.constraint.tcl -f -tool general 
Execute       report -model matrixmul -o G:/DLA/Lab1/matrixmul/solution1/.autopilot/db/matrixmul.design.xml -verbose -f -dv 
Execute       report -model matrixmul -o G:/DLA/Lab1/matrixmul/solution1/.autopilot/db/matrixmul.sdaccel.xml -verbose -f -sdaccel 
Execute       gen_tb_info matrixmul -o G:/DLA/Lab1/matrixmul/solution1/.autopilot/db/matrixmul -p G:/DLA/Lab1/matrixmul/solution1/.autopilot/db 
Execute       report -model matrixmul -o G:/DLA/Lab1/matrixmul/solution1/syn/report/matrixmul_csynth.rpt -f 
Execute       report -model matrixmul -o G:/DLA/Lab1/matrixmul/solution1/syn/report/matrixmul_csynth.xml -f -x 
Execute       report -model matrixmul -o G:/DLA/Lab1/matrixmul/solution1/.autopilot/db/matrixmul.verbose.rpt -verbose -f 
Execute       db_write -model matrixmul -o G:/DLA/Lab1/matrixmul/solution1/.autopilot/db/matrixmul.adb -f 
Execute       sc_get_clocks matrixmul 
Execute       get_config_export -vivado_clock 
Execute       sc_get_portdomain matrixmul 
INFO-FLOW: Model list for RTL component generation: matrixmul
INFO-FLOW: Handling components in module [matrixmul] ... 
Execute       source G:/DLA/Lab1/matrixmul/solution1/.autopilot/db/matrixmul.compgen.tcl 
INFO-FLOW: Found component matrixmul_AXILiteS_s_axi.
INFO-FLOW: Append model matrixmul_AXILiteS_s_axi
INFO-FLOW: Found component matrixmul_gmem_m_axi.
INFO-FLOW: Append model matrixmul_gmem_m_axi
INFO-FLOW: Append model matrixmul
INFO-FLOW: Generating RTL model list ...
INFO-FLOW: All models in this session: matrixmul_AXILiteS_s_axi matrixmul_gmem_m_axi matrixmul
INFO-FLOW: To file: write model matrixmul_AXILiteS_s_axi
INFO-FLOW: To file: write model matrixmul_gmem_m_axi
INFO-FLOW: To file: write model matrixmul
INFO-FLOW: Finished generating RTL model list.


INFO-FLOW: RTL Generation done.
INFO-FLOW: CAS Generation done.
INFO-FLOW: CBC Generation done.
INFO-FLOW: DBG:CMD: auto_generate_csynth_design
INFO-FLOW: DBG:CMD:     auto_generate --sim-model -phase csynth_design -d G:/DLA/Lab1/matrixmul/solution1
Execute       source G:/DLA/Lab1/matrixmul/solution1/.autopilot/db/global.setting.tcl 
INFO-FLOW: DBG:CMD: read_platform_lib G:/DLA/Lab1/matrixmul/solution1/.autopilot/db/global.setting.tcl
Execute       source G:/Vivado/Vivado/Vivado/2018.3/common/technology/generic/autopilot/common.gen 
Execute         source G:/Vivado/Vivado/Vivado/2018.3/common/technology/generic/autopilot/APCoreGen.gen 
Execute       source G:/Vivado/Vivado/Vivado/2018.3/common/technology/generic/autopilot/op.gen 
Execute       source G:/Vivado/Vivado/Vivado/2018.3/common/technology/generic/autopilot/op_simcore.gen 
Execute       source G:/Vivado/Vivado/Vivado/2018.3/common/technology/generic/autopilot/interface.gen 
Execute       source G:/DLA/Lab1/matrixmul/solution1/.autopilot/db/global.setting.tcl 
Execute       source G:/Vivado/Vivado/Vivado/2018.3/common/technology/xilinx/zynq/zynq.gen 
Execute         source G:/Vivado/Vivado/Vivado/2018.3/common/technology/xilinx/common/virtex.gen 
Execute           source G:/Vivado/Vivado/Vivado/2018.3/common/technology/xilinx/common/xilinx.gen 
Execute             source G:/Vivado/Vivado/Vivado/2018.3/common/technology/xilinx/interface/plb46.gen 
Execute             source G:/Vivado/Vivado/Vivado/2018.3/common/technology/xilinx/interface/fsl.gen 
Execute             source G:/Vivado/Vivado/Vivado/2018.3/common/technology/xilinx/interface/axi4.gen 
Execute             source G:/Vivado/Vivado/Vivado/2018.3/common/technology/xilinx/interface/nativeAXI4.gen 
Execute               source G:/Vivado/Vivado/Vivado/2018.3/common/technology/xilinx/interface/saxilite.gen 
Execute               source G:/Vivado/Vivado/Vivado/2018.3/common/technology/xilinx/interface/maxi.gen 
Execute             source G:/Vivado/Vivado/Vivado/2018.3/common/technology/xilinx/scripts/xilinxcoregen.gen 
Execute             source G:/Vivado/Vivado/Vivado/2018.3/common/technology/xilinx/interface/XilEDKCoreGen.gen 
Execute             source G:/Vivado/Vivado/Vivado/2018.3/common/technology/xilinx/ip/dds_compiler.gen 
Execute             source G:/Vivado/Vivado/Vivado/2018.3/common/technology/xilinx/ip/util.gen 
Execute             source G:/Vivado/Vivado/Vivado/2018.3/common/technology/xilinx/ip/xfft.gen 
Execute             source G:/Vivado/Vivado/Vivado/2018.3/common/technology/xilinx/ip/xfir.gen 
Command           ap_source done; 0.105 sec.
Execute           source G:/Vivado/Vivado/Vivado/2018.3/common/technology/xilinx/common/dsp48.gen 
Command         ap_source done; 0.108 sec.
Command       ap_source done; 0.108 sec.
Execute       source G:/Vivado/Vivado/Vivado/2018.3/common/technology/xilinx/zynq/zynq_fpv6.gen 
Execute         source G:/Vivado/Vivado/Vivado/2018.3/common/technology/xilinx/common/xilinx_fpv6.gen 
INFO-FLOW: DBG:CMD:   using AESL_AUTOCG::g_clock_period=10.000 (was NA)
INFO-FLOW: DBG:CMD:       generate_ip_cores sim=1 export=0 expOnly=0 dstVlogDir=syn/verilog
Execute       source G:/DLA/Lab1/matrixmul/solution1/.autopilot/db/global.setting.tcl 
Execute       source G:/DLA/Lab1/matrixmul/solution1/.autopilot/db/global.setting.tcl 
Execute       source G:/DLA/Lab1/matrixmul/solution1/.autopilot/db/global.setting.tcl 
Execute       source G:/DLA/Lab1/matrixmul/solution1/.autopilot/db/matrixmul.compgen.tcl 
Execute         source ./AXILiteS.slave.tcl 
Execute         is_m_axi_addr64 
Command       ap_source done; 0.11 sec.
INFO-FLOW: DBG:CMD:     auto_generate -export -impltomg_flag -rtl both -tool Vivado -pcore_version 1.00.a -phase csynth_design -d G:/DLA/Lab1/matrixmul/solution1
Execute       source G:/DLA/Lab1/matrixmul/solution1/.autopilot/db/global.setting.tcl 
INFO-FLOW: DBG:CMD: read_platform_lib G:/DLA/Lab1/matrixmul/solution1/.autopilot/db/global.setting.tcl
Execute       source G:/Vivado/Vivado/Vivado/2018.3/common/technology/generic/autopilot/common.gen 
Execute         source G:/Vivado/Vivado/Vivado/2018.3/common/technology/generic/autopilot/APCoreGen.gen 
Execute       source G:/Vivado/Vivado/Vivado/2018.3/common/technology/generic/autopilot/op.gen 
Execute       source G:/Vivado/Vivado/Vivado/2018.3/common/technology/generic/autopilot/op_simcore.gen 
Execute       source G:/Vivado/Vivado/Vivado/2018.3/common/technology/generic/autopilot/interface.gen 
Execute       source G:/DLA/Lab1/matrixmul/solution1/.autopilot/db/global.setting.tcl 
Execute       source G:/Vivado/Vivado/Vivado/2018.3/common/technology/xilinx/zynq/zynq.gen 
Execute         source G:/Vivado/Vivado/Vivado/2018.3/common/technology/xilinx/common/virtex.gen 
Execute           source G:/Vivado/Vivado/Vivado/2018.3/common/technology/xilinx/common/xilinx.gen 
Execute             source G:/Vivado/Vivado/Vivado/2018.3/common/technology/xilinx/interface/plb46.gen 
Execute             source G:/Vivado/Vivado/Vivado/2018.3/common/technology/xilinx/interface/fsl.gen 
Execute             source G:/Vivado/Vivado/Vivado/2018.3/common/technology/xilinx/interface/axi4.gen 
Execute             source G:/Vivado/Vivado/Vivado/2018.3/common/technology/xilinx/interface/nativeAXI4.gen 
Execute               source G:/Vivado/Vivado/Vivado/2018.3/common/technology/xilinx/interface/saxilite.gen 
Execute               source G:/Vivado/Vivado/Vivado/2018.3/common/technology/xilinx/interface/maxi.gen 
Execute             source G:/Vivado/Vivado/Vivado/2018.3/common/technology/xilinx/scripts/xilinxcoregen.gen 
Execute             source G:/Vivado/Vivado/Vivado/2018.3/common/technology/xilinx/interface/XilEDKCoreGen.gen 
Execute             source G:/Vivado/Vivado/Vivado/2018.3/common/technology/xilinx/ip/dds_compiler.gen 
Execute             source G:/Vivado/Vivado/Vivado/2018.3/common/technology/xilinx/ip/util.gen 
Execute             source G:/Vivado/Vivado/Vivado/2018.3/common/technology/xilinx/ip/xfft.gen 
Execute             source G:/Vivado/Vivado/Vivado/2018.3/common/technology/xilinx/ip/xfir.gen 
Command           ap_source done; 0.106 sec.
Execute           source G:/Vivado/Vivado/Vivado/2018.3/common/technology/xilinx/common/dsp48.gen 
Command         ap_source done; 0.107 sec.
Command       ap_source done; 0.107 sec.
Execute       source G:/Vivado/Vivado/Vivado/2018.3/common/technology/xilinx/zynq/zynq_fpv6.gen 
Execute         source G:/Vivado/Vivado/Vivado/2018.3/common/technology/xilinx/common/xilinx_fpv6.gen 
INFO-FLOW: DBG:CMD:       initCTypeInfo top_module=matrixmul xml_exists=0
Execute       source G:/DLA/Lab1/matrixmul/solution1/.autopilot/db/matrixmul.rtl_wrap.cfg.tcl 
Execute       source G:/DLA/Lab1/matrixmul/solution1/.autopilot/db/matrixmul.rtl_wrap.cfg.tcl 
Execute       source G:/DLA/Lab1/matrixmul/solution1/.autopilot/db/matrixmul.rtl_wrap.cfg.tcl 
Execute       source G:/DLA/Lab1/matrixmul/solution1/.autopilot/db/matrixmul.tbgen.tcl 
Execute       source G:/DLA/Lab1/matrixmul/solution1/.autopilot/db/matrixmul.tbgen.tcl 
INFO-FLOW: DBG:CMD:       export_impl_rtl
INFO-FLOW: DBG:CMD:       generate_ip_cores sim=0 export=0 expOnly=0 dstVlogDir=impl/.verilog
Execute       source G:/DLA/Lab1/matrixmul/solution1/.autopilot/db/global.setting.tcl 
Execute       source G:/DLA/Lab1/matrixmul/solution1/.autopilot/db/matrixmul.compgen.tcl 
INFO-FLOW: DBG:CMD:       generate_ip_cores sim=0 export=1 expOnly=1 dstVlogDir=impl/.pcores/verilog
Execute       source G:/DLA/Lab1/matrixmul/solution1/.autopilot/db/global.setting.tcl 
Execute       source G:/DLA/Lab1/matrixmul/solution1/.autopilot/db/matrixmul.compgen.tcl 
INFO-FLOW: DBG:CMD:       generate_ip_cores sim=0 export=0 expOnly=0 dstVlogDir=impl/.pcores/verilog_sim
Execute       source G:/DLA/Lab1/matrixmul/solution1/.autopilot/db/global.setting.tcl 
Execute       source G:/DLA/Lab1/matrixmul/solution1/.autopilot/db/matrixmul.compgen.tcl 
Execute       source G:/DLA/Lab1/matrixmul/solution1/.autopilot/db/global.setting.tcl 
Execute       source G:/DLA/Lab1/matrixmul/solution1/.autopilot/db/matrixmul.constraint.tcl 
Execute       source G:/DLA/Lab1/matrixmul/solution1/.autopilot/db/matrixmul.tbgen.tcl 
INFO-FLOW: DBG:CMD:       hasPcoreIpAdapter=false #gSsdmPorts=0
INFO-FLOW: DBG:CMD: Skipping loadAnalyze_DB, #g_database=4
INFO-FLOW: DBG:CMD:       generate_json is_phase_csynth=1 g_has_adaptors=false generate_bd_files=0 #modelList=3 #gSsdmPorts=0
Execute       source G:/DLA/Lab1/matrixmul/solution1/.autopilot/db/global.setting.tcl 
Execute       source G:/DLA/Lab1/matrixmul/solution1/.autopilot/db/global.setting.tcl 
Execute       source G:/DLA/Lab1/matrixmul/solution1/.autopilot/db/matrixmul.tbgen.tcl 
Execute       source G:/DLA/Lab1/matrixmul/solution1/.autopilot/db/global.setting.tcl 
Execute       get_config_sdx -target 
Execute       get_config_export -xo 
Execute       source G:/DLA/Lab1/matrixmul/solution1/.autopilot/db/global.setting.tcl 
Execute       source G:/DLA/Lab1/matrixmul/solution1/.autopilot/db/matrixmul.constraint.tcl 
Execute       sc_get_clocks matrixmul 
Execute       source G:/DLA/Lab1/matrixmul/solution1/.autopilot/db/global.setting.tcl 
Execute       get_config_sdx -target 
Execute       get_config_sdx -profile 
Execute       ::config_rtl 
INFO-FLOW: DBG:CMD: add_json_sdx_info kernel file does not exist: G:/DLA/Lab1/matrixmul/solution1/.autopilot/db/kernel.internal.xml
INFO-FLOW: DBG:CMD:       delete-temp-dirs (skipped for debug)
INFO: [HLS 200-111] Finished generating all RTL models Time (s): cpu = 00:00:02 ; elapsed = 00:00:23 . Memory (MB): peak = 130.617 ; gain = 45.574
INFO: [SYSC 207-301] Generating SystemC RTL for matrixmul.
INFO: [VHDL 208-304] Generating VHDL RTL for matrixmul.
INFO: [VLOG 209-307] Generating Verilog RTL for matrixmul.
Command     autosyn done; 2.582 sec.
Execute     get_part 
Execute     get_config_export -sdx_tcl 
Command   csynth_design done; 22.451 sec.
Command ap_source done; 22.748 sec.
Execute cleanup_all 
INFO-FLOW: Workspace G:/DLA/Lab1/matrixmul/solution1 opened at Tue Nov 17 21:03:24 +0800 2020
Execute     config_clock -quiet -name default -period 10 -default=false 
INFO: [SYN 201-201] Setting up clock 'default' with a period of 10ns.
Execute     open_platform DefaultPlatform 
Execute     import_lib G:/Vivado/Vivado/Vivado/2018.3/common/technology/xilinx/zynq/zynq 
Execute       source G:/Vivado/Vivado/Vivado/2018.3/common/technology/xilinx/common/xilinx.lib 
Execute         source G:/Vivado/Vivado/Vivado/2018.3/common/technology/xilinx/interface/xilinx_interface.lib 
Execute           source G:/Vivado/Vivado/Vivado/2018.3/common/technology/xilinx/interface/plb46.lib 
Execute           source G:/Vivado/Vivado/Vivado/2018.3/common/technology/xilinx/interface/fsl.lib 
Execute           source G:/Vivado/Vivado/Vivado/2018.3/common/technology/xilinx/interface/axi4.lib 
Execute           source G:/Vivado/Vivado/Vivado/2018.3/common/technology/xilinx/interface/maxi.lib 
Execute           source G:/Vivado/Vivado/Vivado/2018.3/common/technology/xilinx/interface/saxilite.lib 
Execute         source G:/Vivado/Vivado/Vivado/2018.3/common/technology/xilinx/common/dsp48.lib 
Execute         source G:/Vivado/Vivado/Vivado/2018.3/common/technology/xilinx/ip/dds_compiler.lib 
Execute         source G:/Vivado/Vivado/Vivado/2018.3/common/technology/xilinx/ip/xfft.lib 
Execute         source G:/Vivado/Vivado/Vivado/2018.3/common/technology/xilinx/ip/xfir.lib 
Execute       source G:/Vivado/Vivado/Vivado/2018.3/common/technology/xilinx/common/xilinx_old.lib 
Execute       source G:/Vivado/Vivado/Vivado/2018.3/common/technology/xilinx/common/xilinx_vivado.lib 
Execute       source G:/Vivado/Vivado/Vivado/2018.3/common/technology/xilinx/common/xilinx.hlp 
Execute         source G:/Vivado/Vivado/Vivado/2018.3/common/technology/xilinx/common/target_info.tcl 
Execute         source G:/Vivado/Vivado/Vivado/2018.3/common/technology/xilinx/interface/xilinx_interface.hlp 
Execute           source G:/Vivado/Vivado/Vivado/2018.3/common/technology/xilinx/interface/maxi.hlp 
Execute           source G:/Vivado/Vivado/Vivado/2018.3/common/technology/xilinx/interface/saxilite.hlp 
Execute         source G:/Vivado/Vivado/Vivado/2018.3/common/technology/xilinx/common/dsp48.hlp 
Execute       source G:/Vivado/Vivado/Vivado/2018.3/common/technology/xilinx/zynq/dsp48e1.hlp 
Execute       get_default_platform 
Execute       config_chip_info -quiet -resource  {SLICE 13300}  {LUT 53200}     {FF 106400} {DSP48E 220}   {BRAM 280}  
Execute       config_chip_info -quiet -speed medium 
Execute       source G:/Vivado/Vivado/Vivado/2018.3/common/technology/xilinx/common/xilinx.hlp 
Execute         source G:/Vivado/Vivado/Vivado/2018.3/common/technology/xilinx/common/target_info.tcl 
Execute         source G:/Vivado/Vivado/Vivado/2018.3/common/technology/xilinx/interface/xilinx_interface.hlp 
Execute           source G:/Vivado/Vivado/Vivado/2018.3/common/technology/xilinx/interface/maxi.hlp 
Execute           source G:/Vivado/Vivado/Vivado/2018.3/common/technology/xilinx/interface/saxilite.hlp 
Execute         source G:/Vivado/Vivado/Vivado/2018.3/common/technology/xilinx/common/dsp48.hlp 
Execute     source G:/Vivado/Vivado/Vivado/2018.3/common/technology/xilinx/zynq/zynq.gen 
Execute       source G:/Vivado/Vivado/Vivado/2018.3/common/technology/xilinx/common/virtex.gen 
Execute         source G:/Vivado/Vivado/Vivado/2018.3/common/technology/xilinx/common/xilinx.gen 
Execute           source G:/Vivado/Vivado/Vivado/2018.3/common/technology/xilinx/interface/plb46.gen 
Execute           source G:/Vivado/Vivado/Vivado/2018.3/common/technology/xilinx/interface/fsl.gen 
Execute           source G:/Vivado/Vivado/Vivado/2018.3/common/technology/xilinx/interface/axi4.gen 
Execute           source G:/Vivado/Vivado/Vivado/2018.3/common/technology/xilinx/interface/nativeAXI4.gen 
Execute             source G:/Vivado/Vivado/Vivado/2018.3/common/technology/xilinx/interface/saxilite.gen 
Execute             source G:/Vivado/Vivado/Vivado/2018.3/common/technology/xilinx/interface/maxi.gen 
Execute           source G:/Vivado/Vivado/Vivado/2018.3/common/technology/xilinx/scripts/xilinxcoregen.gen 
Execute           source G:/Vivado/Vivado/Vivado/2018.3/common/technology/xilinx/interface/XilEDKCoreGen.gen 
Execute           source G:/Vivado/Vivado/Vivado/2018.3/common/technology/xilinx/ip/dds_compiler.gen 
Execute           source G:/Vivado/Vivado/Vivado/2018.3/common/technology/xilinx/ip/util.gen 
Execute           source G:/Vivado/Vivado/Vivado/2018.3/common/technology/xilinx/ip/xfft.gen 
Execute           source G:/Vivado/Vivado/Vivado/2018.3/common/technology/xilinx/ip/xfir.gen 
Command         ap_source done; 0.113 sec.
Execute         source G:/Vivado/Vivado/Vivado/2018.3/common/technology/xilinx/common/dsp48.gen 
Command       ap_source done; 0.116 sec.
Command     ap_source done; 0.116 sec.
Execute     open_platform DefaultPlatform 
Execute     import_lib G:/Vivado/Vivado/Vivado/2018.3/common/technology/xilinx/zynq/zynq_fpv6 
Execute       source G:/Vivado/Vivado/Vivado/2018.3/common/technology/xilinx/common/xilinx_fpv7.lib 
Execute         source G:/Vivado/Vivado/Vivado/2018.3/common/technology/xilinx/common/xilinx_hp.lib 
Execute       source G:/Vivado/Vivado/Vivado/2018.3/common/technology/xilinx/common/xilinx_fpv.hlp 
Execute         source G:/Vivado/Vivado/Vivado/2018.3/common/technology/xilinx/common/xilinx.hlp 
Execute           source G:/Vivado/Vivado/Vivado/2018.3/common/technology/xilinx/common/target_info.tcl 
Execute           source G:/Vivado/Vivado/Vivado/2018.3/common/technology/xilinx/interface/xilinx_interface.hlp 
Execute             source G:/Vivado/Vivado/Vivado/2018.3/common/technology/xilinx/interface/maxi.hlp 
Execute             source G:/Vivado/Vivado/Vivado/2018.3/common/technology/xilinx/interface/saxilite.hlp 
Execute           source G:/Vivado/Vivado/Vivado/2018.3/common/technology/xilinx/common/dsp48.hlp 
Execute       source G:/Vivado/Vivado/Vivado/2018.3/common/technology/xilinx/zynq/zynq_hp.hlp 
Execute     source G:/Vivado/Vivado/Vivado/2018.3/common/technology/xilinx/zynq/zynq_fpv6.gen 
Execute       source G:/Vivado/Vivado/Vivado/2018.3/common/technology/xilinx/common/xilinx_fpv6.gen 
Execute     set_part xc7z020clg400-1 
Execute       add_library xilinx/zynq/zynq:xc7z020:clg400:-1 
Execute         get_default_platform 
Execute         license_isbetapart xc7z020 
Command         license_isbetapart done; error code: 1; 
Execute         get_default_platform 
Execute         config_chip_info -quiet -resource  {SLICE 13300}  {LUT 53200}     {FF 106400} {DSP48E 220}   {BRAM 280}  
Execute         config_chip_info -quiet -speed slow 
Execute       add_library xilinx/zynq/zynq_fpv6 
Execute         get_default_platform 
INFO: [HLS 200-10] Setting target device to 'xc7z020clg400-1'
Execute       get_default_platform 
Execute     get_default_platform 
Execute     config_chip_info -quiet -resource  {SLICE 13300}  {LUT 53200}     {FF 106400} {DSP48E 220}   {BRAM 280}  
Execute     config_chip_info -quiet -speed slow 
Command   open_solution done; 0.216 sec.
Execute   cosim_design -trace_level all -tool xsim 
Execute     source G:/DLA/Lab1/matrixmul/solution1/.autopilot/db/global.setting.tcl 
Execute     source G:/DLA/Lab1/matrixmul/solution1/.autopilot/db/global.setting.tcl 
Execute     source G:/DLA/Lab1/matrixmul/solution1/.autopilot/db/global.setting.tcl 
INFO-FLOW: DBG:CMD: read_platform_lib G:/DLA/Lab1/matrixmul/solution1/.autopilot/db/global.setting.tcl
Execute     source G:/Vivado/Vivado/Vivado/2018.3/common/technology/generic/autopilot/common.gen 
Execute       source G:/Vivado/Vivado/Vivado/2018.3/common/technology/generic/autopilot/APCoreGen.gen 
Execute     source G:/Vivado/Vivado/Vivado/2018.3/common/technology/generic/autopilot/op.gen 
Execute     source G:/Vivado/Vivado/Vivado/2018.3/common/technology/generic/autopilot/op_simcore.gen 
Execute     source G:/Vivado/Vivado/Vivado/2018.3/common/technology/generic/autopilot/interface.gen 
Execute     source G:/DLA/Lab1/matrixmul/solution1/.autopilot/db/global.setting.tcl 
Execute     source G:/Vivado/Vivado/Vivado/2018.3/common/technology/xilinx/zynq/zynq.gen 
Execute       source G:/Vivado/Vivado/Vivado/2018.3/common/technology/xilinx/common/virtex.gen 
Execute         source G:/Vivado/Vivado/Vivado/2018.3/common/technology/xilinx/common/xilinx.gen 
Execute           source G:/Vivado/Vivado/Vivado/2018.3/common/technology/xilinx/interface/plb46.gen 
Execute           source G:/Vivado/Vivado/Vivado/2018.3/common/technology/xilinx/interface/fsl.gen 
Execute           source G:/Vivado/Vivado/Vivado/2018.3/common/technology/xilinx/interface/axi4.gen 
Execute           source G:/Vivado/Vivado/Vivado/2018.3/common/technology/xilinx/interface/nativeAXI4.gen 
Execute             source G:/Vivado/Vivado/Vivado/2018.3/common/technology/xilinx/interface/saxilite.gen 
Execute             source G:/Vivado/Vivado/Vivado/2018.3/common/technology/xilinx/interface/maxi.gen 
Execute           source G:/Vivado/Vivado/Vivado/2018.3/common/technology/xilinx/scripts/xilinxcoregen.gen 
Execute           source G:/Vivado/Vivado/Vivado/2018.3/common/technology/xilinx/interface/XilEDKCoreGen.gen 
Execute           source G:/Vivado/Vivado/Vivado/2018.3/common/technology/xilinx/ip/dds_compiler.gen 
Execute           source G:/Vivado/Vivado/Vivado/2018.3/common/technology/xilinx/ip/util.gen 
Execute           source G:/Vivado/Vivado/Vivado/2018.3/common/technology/xilinx/ip/xfft.gen 
Execute           source G:/Vivado/Vivado/Vivado/2018.3/common/technology/xilinx/ip/xfir.gen 
Command         ap_source done; 0.105 sec.
Execute         source G:/Vivado/Vivado/Vivado/2018.3/common/technology/xilinx/common/dsp48.gen 
Command       ap_source done; 0.107 sec.
Command     ap_source done; 0.107 sec.
Execute     source G:/Vivado/Vivado/Vivado/2018.3/common/technology/xilinx/zynq/zynq_fpv6.gen 
Execute       source G:/Vivado/Vivado/Vivado/2018.3/common/technology/xilinx/common/xilinx_fpv6.gen 
INFO-FLOW: DBG:CMD:   using AESL_AUTOCG::g_clock_period=10.000 (was NA)
Execute     source G:/DLA/Lab1/matrixmul/solution1/.autopilot/db/global.setting.tcl 
Execute     source G:/DLA/Lab1/matrixmul/solution1/.autopilot/db/matrixmul.rtl_wrap.cfg.tcl 
Execute     source G:/DLA/Lab1/matrixmul/solution1/.autopilot/db/matrixmul.tbgen.tcl 
Execute     is_encrypted G:/DLA/Lab1/matrixmul/matrixmul_test.cpp 
Execute     is_encrypted G:/DLA/Lab1/matrixmul/matrixmul.h 
Execute     is_encrypted G:/DLA/Lab1/matrixmul/matrixmul.cpp 
Execute     source G:/DLA/Lab1/matrixmul/solution1/.autopilot/db/matrixmul.tbgen.tcl 
Execute     source G:/DLA/Lab1/matrixmul/solution1/.autopilot/db/matrixmul.tbgen.tcl 
INFO: [COSIM 212-47] Using XSIM for RTL simulation.
INFO: [COSIM 212-14] Instrumenting C test bench ...
Execute     get_default_platform 
INFO-FLOW: TB processing: G:/DLA/Lab1/matrixmul/matrixmul_test.cpp G:/DLA/Lab1/matrixmul/solution1/./sim/autowrap/testbench/matrixmul_test.cpp_pre.cpp
Execute     tidy_31 xilinx-tb-xfmat G:/DLA/Lab1/matrixmul/solution1/./sim/autowrap/testbench/matrixmul_test.cpp_pre.cpp std=c++11 
INFO-FLOW: exec G:/Vivado/Vivado/Vivado/2018.3/win64/tools/clang-3.9-csynth/bin/tidy-3.1 -header-filter=.* -checks=-*,xilinx-tb-xfmat -quiet -fix-errors G:/DLA/Lab1/matrixmul/solution1/./sim/autowrap/testbench/matrixmul_test.cpp_pre.cpp -- -std=c++11 -fhls -ferror-limit=0
Command     tidy_31 done; 0.407 sec.
INFO-FLOW: Marker-Pragma convertor: G:/DLA/Lab1/matrixmul/solution1/./sim/autowrap/testbench/matrixmul_test.cpp_pre.cpp G:/DLA/Lab1/matrixmul/solution1/./sim/autowrap/testbench/matrixmul_test.cpp_pre.cpp.line.cpp ./sim/autowrap/testbench/line.tmp 1
INFO-FLOW: Converting Markers to Pragmas...
INFO-FLOW: Marker-Pragma convertor: G:/DLA/Lab1/matrixmul/solution1/./sim/autowrap/testbench/matrixmul_test.cpp_pre.cpp.tb.cpp.line G:/DLA/Lab1/matrixmul/solution1/./sim/autowrap/testbench/matrixmul_test.cpp_pre.cpp.tb.cpp ./sim/autowrap/testbench/line.tmp 0
INFO-FLOW: Converting Pragmas to Markers...
Execute     get_default_platform 
INFO-FLOW: TB processing: G:/DLA/Lab1/matrixmul/matrixmul.cpp G:/DLA/Lab1/matrixmul/solution1/./sim/autowrap/testbench/matrixmul.cpp_pre.cpp
Execute     tidy_31 xilinx-tb-xfmat G:/DLA/Lab1/matrixmul/solution1/./sim/autowrap/testbench/matrixmul.cpp_pre.cpp std=c++11 
INFO-FLOW: exec G:/Vivado/Vivado/Vivado/2018.3/win64/tools/clang-3.9-csynth/bin/tidy-3.1 -header-filter=.* -checks=-*,xilinx-tb-xfmat -quiet -fix-errors G:/DLA/Lab1/matrixmul/solution1/./sim/autowrap/testbench/matrixmul.cpp_pre.cpp -- -std=c++11 -fhls -ferror-limit=0
INFO-FLOW: Marker-Pragma convertor: G:/DLA/Lab1/matrixmul/solution1/./sim/autowrap/testbench/matrixmul.cpp_pre.cpp G:/DLA/Lab1/matrixmul/solution1/./sim/autowrap/testbench/matrixmul.cpp_pre.cpp.line.cpp ./sim/autowrap/testbench/line.tmp 1
INFO-FLOW: Converting Markers to Pragmas...
INFO-FLOW: Marker-Pragma convertor: G:/DLA/Lab1/matrixmul/solution1/./sim/autowrap/testbench/matrixmul.cpp_pre.cpp.tb.cpp.line G:/DLA/Lab1/matrixmul/solution1/./sim/autowrap/testbench/matrixmul.cpp_pre.cpp.tb.cpp ./sim/autowrap/testbench/line.tmp 0
INFO-FLOW: Converting Pragmas to Markers...
Execute     source G:/DLA/Lab1/matrixmul/solution1/./sim/autowrap/testbench/tb.status.tcl 
Execute     source G:/DLA/Lab1/matrixmul/solution1/.autopilot/db/global.setting.tcl 
Execute     source G:/DLA/Lab1/matrixmul/solution1/.autopilot/db/matrixmul.rtl_wrap.cfg.tcl 
Execute     source G:/DLA/Lab1/matrixmul/solution1/.autopilot/db/matrixmul.rtl_wrap.cfg.tcl 
Execute     source G:/DLA/Lab1/matrixmul/solution1/.autopilot/db/matrixmul.rtl_wrap.cfg.tcl 
Execute     source G:/DLA/Lab1/matrixmul/solution1/.autopilot/db/matrixmul.tbgen.tcl 
Execute     source G:/DLA/Lab1/matrixmul/solution1/.autopilot/db/matrixmul.tbgen.tcl 
WARNING: [COSIM 212-369] AXI_master port 'A' has a depth of '12'. Insufficient depth may result in simulation mismatch or freeze.
WARNING: [COSIM 212-369] AXI_master port 'B' has a depth of '20'. Insufficient depth may result in simulation mismatch or freeze.
WARNING: [COSIM 212-369] AXI_master port 'out' has a depth of '15'. Insufficient depth may result in simulation mismatch or freeze.
Execute     get_default_platform 
Execute     source .run_sim.tcl 
INFO: [COSIM 212-302] Starting C TB testing ... 
Command     ap_source done; 0.598 sec.
INFO: [COSIM 212-333] Generating C post check test bench ...
Execute     get_default_platform 
INFO: [COSIM 212-12] Generating RTL test bench ...
Execute     source G:/DLA/Lab1/matrixmul/solution1/.autopilot/db/matrixmul.tbgen.tcl 
Execute     source G:/DLA/Lab1/matrixmul/solution1/.autopilot/db/matrixmul.tbgen.tcl 
Execute     source G:/DLA/Lab1/matrixmul/solution1/.autopilot/db/matrixmul.tbgen.tcl 
Execute     source G:/DLA/Lab1/matrixmul/solution1/.autopilot/db/matrixmul.tbgen.tcl 
Execute     source ../tv/cdatafile/ref.tcl 
Execute     source G:/DLA/Lab1/matrixmul/solution1/.autopilot/db/matrixmul.tbgen.tcl 
Execute     source G:/DLA/Lab1/matrixmul/solution1/.autopilot/db/matrixmul.tbgen.tcl 
Execute     source G:/DLA/Lab1/matrixmul/solution1/.autopilot/db/matrixmul.tbgen.tcl 
Execute     source G:/DLA/Lab1/matrixmul/solution1/.autopilot/db/matrixmul.tbgen.tcl 
Execute     source G:/DLA/Lab1/matrixmul/solution1/.autopilot/db/matrixmul.tbgen.tcl 
Execute     source G:/DLA/Lab1/matrixmul/solution1/.autopilot/db/matrixmul.tbgen.tcl 
Execute     source G:/DLA/Lab1/matrixmul/solution1/.autopilot/db/matrixmul.tbgen.tcl 
Execute     source G:/DLA/Lab1/matrixmul/solution1/.autopilot/db/matrixmul.tbgen.tcl 
Execute     source G:/DLA/Lab1/matrixmul/solution1/.autopilot/db/matrixmul.tbgen.tcl 
Execute     source G:/DLA/Lab1/matrixmul/solution1/.autopilot/db/matrixmul.tbgen.tcl 
Execute     source G:/DLA/Lab1/matrixmul/solution1/.autopilot/db/matrixmul.tbgen.tcl 
Execute     source G:/DLA/Lab1/matrixmul/solution1/.autopilot/db/matrixmul.tbgen.tcl 
Execute     source G:/DLA/Lab1/matrixmul/solution1/.autopilot/db/matrixmul.tbgen.tcl 
Execute     source G:/DLA/Lab1/matrixmul/solution1/.autopilot/db/matrixmul.tbgen.tcl 
Execute     source G:/DLA/Lab1/matrixmul/solution1/.autopilot/db/matrixmul.tbgen.tcl 
Execute     source G:/DLA/Lab1/matrixmul/solution1/.autopilot/db/matrixmul.tbgen.tcl 
Execute     source ../tv/cdatafile/ref.tcl 
Execute     source G:/DLA/Lab1/matrixmul/solution1/.autopilot/db/matrixmul.tbgen.tcl 
Execute     source G:/DLA/Lab1/matrixmul/solution1/.autopilot/db/matrixmul.tbgen.tcl 
Execute     source G:/DLA/Lab1/matrixmul/solution1/.autopilot/db/matrixmul.tbgen.tcl 
Execute     source G:/DLA/Lab1/matrixmul/solution1/.autopilot/db/matrixmul.tbgen.tcl 
Execute     source G:/DLA/Lab1/matrixmul/solution1/.autopilot/db/matrixmul.tbgen.tcl 
Execute     source G:/DLA/Lab1/matrixmul/solution1/.autopilot/db/matrixmul.tbgen.tcl 
Execute     source G:/DLA/Lab1/matrixmul/solution1/.autopilot/db/matrixmul.tbgen.tcl 
Execute     source G:/DLA/Lab1/matrixmul/solution1/.autopilot/db/matrixmul.tbgen.tcl 
Execute     source G:/DLA/Lab1/matrixmul/solution1/.autopilot/db/matrixmul.tbgen.tcl 
Execute     source G:/DLA/Lab1/matrixmul/solution1/.autopilot/db/matrixmul.tbgen.tcl 
Execute     source G:/DLA/Lab1/matrixmul/solution1/.autopilot/db/matrixmul.tbgen.tcl 
Execute     source G:/DLA/Lab1/matrixmul/solution1/.autopilot/db/matrixmul.tbgen.tcl 
Execute     source .run_sim.tcl 
Execute       source check_sim.tcl 
Execute       source .sim.status.tcl 
INFO: [COSIM 212-323] Starting verilog simulation. 
INFO: [COSIM 212-15] Starting XSIM ...
INFO: [COSIM 212-316] Starting C post checking ...
Command     ap_source done; 19.017 sec.
INFO: [COSIM 212-1000] *** C/RTL co-simulation finished: PASS ***
INFO: [COSIM 212-211] II is measurable only when transaction number is greater than 1 in RTL simulation. Otherwise, they will be marked as all NA. If user wants to calculate them, please make sure there are at least 2 transactions in RTL simulation.
Command   cosim_design done; 33.396 sec.
Command ap_source done; 33.621 sec.
Execute cleanup_all 
INFO-FLOW: Workspace G:/DLA/Lab1/matrixmul/solution1 opened at Tue Nov 17 21:06:38 +0800 2020
Execute     config_clock -quiet -name default -period 10 -default=false 
INFO: [SYN 201-201] Setting up clock 'default' with a period of 10ns.
Execute     open_platform DefaultPlatform 
Execute     import_lib G:/Vivado/Vivado/Vivado/2018.3/common/technology/xilinx/zynq/zynq 
Execute       source G:/Vivado/Vivado/Vivado/2018.3/common/technology/xilinx/common/xilinx.lib 
Execute         source G:/Vivado/Vivado/Vivado/2018.3/common/technology/xilinx/interface/xilinx_interface.lib 
Execute           source G:/Vivado/Vivado/Vivado/2018.3/common/technology/xilinx/interface/plb46.lib 
Execute           source G:/Vivado/Vivado/Vivado/2018.3/common/technology/xilinx/interface/fsl.lib 
Execute           source G:/Vivado/Vivado/Vivado/2018.3/common/technology/xilinx/interface/axi4.lib 
Execute           source G:/Vivado/Vivado/Vivado/2018.3/common/technology/xilinx/interface/maxi.lib 
Execute           source G:/Vivado/Vivado/Vivado/2018.3/common/technology/xilinx/interface/saxilite.lib 
Execute         source G:/Vivado/Vivado/Vivado/2018.3/common/technology/xilinx/common/dsp48.lib 
Execute         source G:/Vivado/Vivado/Vivado/2018.3/common/technology/xilinx/ip/dds_compiler.lib 
Execute         source G:/Vivado/Vivado/Vivado/2018.3/common/technology/xilinx/ip/xfft.lib 
Execute         source G:/Vivado/Vivado/Vivado/2018.3/common/technology/xilinx/ip/xfir.lib 
Execute       source G:/Vivado/Vivado/Vivado/2018.3/common/technology/xilinx/common/xilinx_old.lib 
Execute       source G:/Vivado/Vivado/Vivado/2018.3/common/technology/xilinx/common/xilinx_vivado.lib 
Execute       source G:/Vivado/Vivado/Vivado/2018.3/common/technology/xilinx/common/xilinx.hlp 
Execute         source G:/Vivado/Vivado/Vivado/2018.3/common/technology/xilinx/common/target_info.tcl 
Execute         source G:/Vivado/Vivado/Vivado/2018.3/common/technology/xilinx/interface/xilinx_interface.hlp 
Execute           source G:/Vivado/Vivado/Vivado/2018.3/common/technology/xilinx/interface/maxi.hlp 
Execute           source G:/Vivado/Vivado/Vivado/2018.3/common/technology/xilinx/interface/saxilite.hlp 
Execute         source G:/Vivado/Vivado/Vivado/2018.3/common/technology/xilinx/common/dsp48.hlp 
Execute       source G:/Vivado/Vivado/Vivado/2018.3/common/technology/xilinx/zynq/dsp48e1.hlp 
Execute       get_default_platform 
Execute       config_chip_info -quiet -resource  {SLICE 13300}  {LUT 53200}     {FF 106400} {DSP48E 220}   {BRAM 280}  
Execute       config_chip_info -quiet -speed medium 
Execute       source G:/Vivado/Vivado/Vivado/2018.3/common/technology/xilinx/common/xilinx.hlp 
Execute         source G:/Vivado/Vivado/Vivado/2018.3/common/technology/xilinx/common/target_info.tcl 
Execute         source G:/Vivado/Vivado/Vivado/2018.3/common/technology/xilinx/interface/xilinx_interface.hlp 
Execute           source G:/Vivado/Vivado/Vivado/2018.3/common/technology/xilinx/interface/maxi.hlp 
Execute           source G:/Vivado/Vivado/Vivado/2018.3/common/technology/xilinx/interface/saxilite.hlp 
Execute         source G:/Vivado/Vivado/Vivado/2018.3/common/technology/xilinx/common/dsp48.hlp 
Execute     source G:/Vivado/Vivado/Vivado/2018.3/common/technology/xilinx/zynq/zynq.gen 
Execute       source G:/Vivado/Vivado/Vivado/2018.3/common/technology/xilinx/common/virtex.gen 
Execute         source G:/Vivado/Vivado/Vivado/2018.3/common/technology/xilinx/common/xilinx.gen 
Execute           source G:/Vivado/Vivado/Vivado/2018.3/common/technology/xilinx/interface/plb46.gen 
Execute           source G:/Vivado/Vivado/Vivado/2018.3/common/technology/xilinx/interface/fsl.gen 
Execute           source G:/Vivado/Vivado/Vivado/2018.3/common/technology/xilinx/interface/axi4.gen 
Execute           source G:/Vivado/Vivado/Vivado/2018.3/common/technology/xilinx/interface/nativeAXI4.gen 
Execute             source G:/Vivado/Vivado/Vivado/2018.3/common/technology/xilinx/interface/saxilite.gen 
Execute             source G:/Vivado/Vivado/Vivado/2018.3/common/technology/xilinx/interface/maxi.gen 
Execute           source G:/Vivado/Vivado/Vivado/2018.3/common/technology/xilinx/scripts/xilinxcoregen.gen 
Execute           source G:/Vivado/Vivado/Vivado/2018.3/common/technology/xilinx/interface/XilEDKCoreGen.gen 
Execute           source G:/Vivado/Vivado/Vivado/2018.3/common/technology/xilinx/ip/dds_compiler.gen 
Execute           source G:/Vivado/Vivado/Vivado/2018.3/common/technology/xilinx/ip/util.gen 
Execute           source G:/Vivado/Vivado/Vivado/2018.3/common/technology/xilinx/ip/xfft.gen 
Execute           source G:/Vivado/Vivado/Vivado/2018.3/common/technology/xilinx/ip/xfir.gen 
Command         ap_source done; 0.116 sec.
Execute         source G:/Vivado/Vivado/Vivado/2018.3/common/technology/xilinx/common/dsp48.gen 
Command       ap_source done; 0.117 sec.
Command     ap_source done; 0.118 sec.
Execute     open_platform DefaultPlatform 
Execute     import_lib G:/Vivado/Vivado/Vivado/2018.3/common/technology/xilinx/zynq/zynq_fpv6 
Execute       source G:/Vivado/Vivado/Vivado/2018.3/common/technology/xilinx/common/xilinx_fpv7.lib 
Execute         source G:/Vivado/Vivado/Vivado/2018.3/common/technology/xilinx/common/xilinx_hp.lib 
Execute       source G:/Vivado/Vivado/Vivado/2018.3/common/technology/xilinx/common/xilinx_fpv.hlp 
Execute         source G:/Vivado/Vivado/Vivado/2018.3/common/technology/xilinx/common/xilinx.hlp 
Execute           source G:/Vivado/Vivado/Vivado/2018.3/common/technology/xilinx/common/target_info.tcl 
Execute           source G:/Vivado/Vivado/Vivado/2018.3/common/technology/xilinx/interface/xilinx_interface.hlp 
Execute             source G:/Vivado/Vivado/Vivado/2018.3/common/technology/xilinx/interface/maxi.hlp 
Execute             source G:/Vivado/Vivado/Vivado/2018.3/common/technology/xilinx/interface/saxilite.hlp 
Execute           source G:/Vivado/Vivado/Vivado/2018.3/common/technology/xilinx/common/dsp48.hlp 
Execute       source G:/Vivado/Vivado/Vivado/2018.3/common/technology/xilinx/zynq/zynq_hp.hlp 
Execute     source G:/Vivado/Vivado/Vivado/2018.3/common/technology/xilinx/zynq/zynq_fpv6.gen 
Execute       source G:/Vivado/Vivado/Vivado/2018.3/common/technology/xilinx/common/xilinx_fpv6.gen 
Execute     set_part xc7z020clg400-1 
Execute       add_library xilinx/zynq/zynq:xc7z020:clg400:-1 
Execute         get_default_platform 
Execute         license_isbetapart xc7z020 
Command         license_isbetapart done; error code: 1; 
Execute         get_default_platform 
Execute         config_chip_info -quiet -resource  {SLICE 13300}  {LUT 53200}     {FF 106400} {DSP48E 220}   {BRAM 280}  
Execute         config_chip_info -quiet -speed slow 
Execute       add_library xilinx/zynq/zynq_fpv6 
Execute         get_default_platform 
INFO: [HLS 200-10] Setting target device to 'xc7z020clg400-1'
Execute       get_default_platform 
Execute     get_default_platform 
Execute     config_chip_info -quiet -resource  {SLICE 13300}  {LUT 53200}     {FF 106400} {DSP48E 220}   {BRAM 280}  
Execute     config_chip_info -quiet -speed slow 
Command   open_solution done; 0.219 sec.
Execute   export_design -rtl verilog -format ip_catalog 
Execute     get_config_export -acc 
Execute     get_config_export -clock_margin 
Execute     get_config_export -custom_script 
Execute     get_config_export -description 
Execute     get_config_export -display_name 
Execute     get_config_export -driver_input_dir 
Execute     get_config_export -ipname 
Execute     get_config_export -kernel_drc 
Execute     get_config_export -library 
Execute     get_config_export -qor_test 
Execute     get_config_export -sdaccel 
Execute     get_config_export -sim 
Execute     get_config_export -taxonomy 
Execute     get_config_export -use_ip 
Execute     get_config_export -use_netlist 
Execute     get_config_export -vendor 
Execute     get_config_export -version 
Execute     get_config_export -xo 
Execute     config_export -format=ip_catalog -rtl=verilog 
INFO-FLOW: DBG:CMD: export_design_wrap: -format ip_catalog -rtl verilog
Execute     source G:/DLA/Lab1/matrixmul/solution1/.autopilot/db/global.setting.tcl 
Execute     get_config_export -vivado_clock 
Execute     get_top 
Execute     get_config_sdx -target 
Execute     get_config_rtl -auto_prefix 
Execute     get_config_sdx -target 
INFO-FLOW: DBG:CMD:   auto_impl: pack: -export -tool vivado -rtl verilog -sdx-target none
Execute     source G:/DLA/Lab1/matrixmul/solution1/.autopilot/db/global.setting.tcl 
INFO-FLOW: DBG:CMD: read_platform_lib G:/DLA/Lab1/matrixmul/solution1/.autopilot/db/global.setting.tcl
Execute     source G:/Vivado/Vivado/Vivado/2018.3/common/technology/generic/autopilot/common.gen 
Execute       source G:/Vivado/Vivado/Vivado/2018.3/common/technology/generic/autopilot/APCoreGen.gen 
Execute     source G:/Vivado/Vivado/Vivado/2018.3/common/technology/generic/autopilot/op.gen 
Execute     source G:/Vivado/Vivado/Vivado/2018.3/common/technology/generic/autopilot/op_simcore.gen 
Execute     source G:/Vivado/Vivado/Vivado/2018.3/common/technology/generic/autopilot/interface.gen 
Execute     source G:/DLA/Lab1/matrixmul/solution1/.autopilot/db/global.setting.tcl 
Execute     source G:/Vivado/Vivado/Vivado/2018.3/common/technology/xilinx/zynq/zynq.gen 
Execute       source G:/Vivado/Vivado/Vivado/2018.3/common/technology/xilinx/common/virtex.gen 
Execute         source G:/Vivado/Vivado/Vivado/2018.3/common/technology/xilinx/common/xilinx.gen 
Execute           source G:/Vivado/Vivado/Vivado/2018.3/common/technology/xilinx/interface/plb46.gen 
Execute           source G:/Vivado/Vivado/Vivado/2018.3/common/technology/xilinx/interface/fsl.gen 
Execute           source G:/Vivado/Vivado/Vivado/2018.3/common/technology/xilinx/interface/axi4.gen 
Execute           source G:/Vivado/Vivado/Vivado/2018.3/common/technology/xilinx/interface/nativeAXI4.gen 
Execute             source G:/Vivado/Vivado/Vivado/2018.3/common/technology/xilinx/interface/saxilite.gen 
Execute             source G:/Vivado/Vivado/Vivado/2018.3/common/technology/xilinx/interface/maxi.gen 
Execute           source G:/Vivado/Vivado/Vivado/2018.3/common/technology/xilinx/scripts/xilinxcoregen.gen 
Execute           source G:/Vivado/Vivado/Vivado/2018.3/common/technology/xilinx/interface/XilEDKCoreGen.gen 
Execute           source G:/Vivado/Vivado/Vivado/2018.3/common/technology/xilinx/ip/dds_compiler.gen 
Execute           source G:/Vivado/Vivado/Vivado/2018.3/common/technology/xilinx/ip/util.gen 
Execute           source G:/Vivado/Vivado/Vivado/2018.3/common/technology/xilinx/ip/xfft.gen 
Execute           source G:/Vivado/Vivado/Vivado/2018.3/common/technology/xilinx/ip/xfir.gen 
Command         ap_source done; 0.106 sec.
Execute         source G:/Vivado/Vivado/Vivado/2018.3/common/technology/xilinx/common/dsp48.gen 
Command       ap_source done; 0.108 sec.
Command     ap_source done; 0.108 sec.
Execute     source G:/Vivado/Vivado/Vivado/2018.3/common/technology/xilinx/zynq/zynq_fpv6.gen 
Execute       source G:/Vivado/Vivado/Vivado/2018.3/common/technology/xilinx/common/xilinx_fpv6.gen 
INFO-FLOW: DBG:CMD:   using AESL_AUTOCG::g_clock_period=10.000 (was NA)
Execute     source G:/DLA/Lab1/matrixmul/solution1/.autopilot/db/global.setting.tcl 
INFO: [IMPL 213-8] Exporting RTL as a Vivado IP.
Execute     source G:/DLA/Lab1/matrixmul/solution1/.autopilot/db/global.setting.tcl 
INFO-FLOW: DBG:CMD: automg_wrap -export -pcore_version 1.00.a -rtl vlog -sdx-target none -tool Vivado -impltomg_flag
INFO-FLOW: DBG:CMD:     auto_generate -export -pcore_version 1.00.a -rtl vlog -sdx-target none -tool Vivado -impltomg_flag
Execute     source G:/DLA/Lab1/matrixmul/solution1/.autopilot/db/global.setting.tcl 
INFO-FLOW: DBG:CMD: read_platform_lib G:/DLA/Lab1/matrixmul/solution1/.autopilot/db/global.setting.tcl
Execute     source G:/Vivado/Vivado/Vivado/2018.3/common/technology/generic/autopilot/common.gen 
Execute       source G:/Vivado/Vivado/Vivado/2018.3/common/technology/generic/autopilot/APCoreGen.gen 
Execute     source G:/Vivado/Vivado/Vivado/2018.3/common/technology/generic/autopilot/op.gen 
Execute     source G:/Vivado/Vivado/Vivado/2018.3/common/technology/generic/autopilot/op_simcore.gen 
Execute     source G:/Vivado/Vivado/Vivado/2018.3/common/technology/generic/autopilot/interface.gen 
Execute     source G:/DLA/Lab1/matrixmul/solution1/.autopilot/db/global.setting.tcl 
Execute     source G:/Vivado/Vivado/Vivado/2018.3/common/technology/xilinx/zynq/zynq.gen 
Execute       source G:/Vivado/Vivado/Vivado/2018.3/common/technology/xilinx/common/virtex.gen 
Execute         source G:/Vivado/Vivado/Vivado/2018.3/common/technology/xilinx/common/xilinx.gen 
Execute           source G:/Vivado/Vivado/Vivado/2018.3/common/technology/xilinx/interface/plb46.gen 
Execute           source G:/Vivado/Vivado/Vivado/2018.3/common/technology/xilinx/interface/fsl.gen 
Execute           source G:/Vivado/Vivado/Vivado/2018.3/common/technology/xilinx/interface/axi4.gen 
Execute           source G:/Vivado/Vivado/Vivado/2018.3/common/technology/xilinx/interface/nativeAXI4.gen 
Execute             source G:/Vivado/Vivado/Vivado/2018.3/common/technology/xilinx/interface/saxilite.gen 
Execute             source G:/Vivado/Vivado/Vivado/2018.3/common/technology/xilinx/interface/maxi.gen 
Execute           source G:/Vivado/Vivado/Vivado/2018.3/common/technology/xilinx/scripts/xilinxcoregen.gen 
Execute           source G:/Vivado/Vivado/Vivado/2018.3/common/technology/xilinx/interface/XilEDKCoreGen.gen 
Execute           source G:/Vivado/Vivado/Vivado/2018.3/common/technology/xilinx/ip/dds_compiler.gen 
Execute           source G:/Vivado/Vivado/Vivado/2018.3/common/technology/xilinx/ip/util.gen 
Execute           source G:/Vivado/Vivado/Vivado/2018.3/common/technology/xilinx/ip/xfft.gen 
Execute           source G:/Vivado/Vivado/Vivado/2018.3/common/technology/xilinx/ip/xfir.gen 
Command         ap_source done; 0.105 sec.
Execute         source G:/Vivado/Vivado/Vivado/2018.3/common/technology/xilinx/common/dsp48.gen 
Command       ap_source done; 0.107 sec.
Command     ap_source done; 0.107 sec.
Execute     source G:/Vivado/Vivado/Vivado/2018.3/common/technology/xilinx/zynq/zynq_fpv6.gen 
Execute       source G:/Vivado/Vivado/Vivado/2018.3/common/technology/xilinx/common/xilinx_fpv6.gen 
INFO-FLOW: DBG:CMD:       initCTypeInfo top_module=matrixmul xml_exists=1
Execute     source G:/DLA/Lab1/matrixmul/solution1/.autopilot/db/matrixmul.rtl_wrap.cfg.tcl 
Execute     source G:/DLA/Lab1/matrixmul/solution1/.autopilot/db/matrixmul.rtl_wrap.cfg.tcl 
Execute     source G:/DLA/Lab1/matrixmul/solution1/.autopilot/db/matrixmul.rtl_wrap.cfg.tcl 
Execute     source G:/DLA/Lab1/matrixmul/solution1/.autopilot/db/matrixmul.tbgen.tcl 
Execute     source G:/DLA/Lab1/matrixmul/solution1/.autopilot/db/matrixmul.tbgen.tcl 
INFO-FLOW: DBG:CMD:       export_impl_rtl
INFO-FLOW: DBG:CMD:       generate_ip_cores sim=0 export=0 expOnly=0 dstVlogDir=impl/.verilog
Execute     source G:/DLA/Lab1/matrixmul/solution1/.autopilot/db/global.setting.tcl 
Execute     source G:/DLA/Lab1/matrixmul/solution1/.autopilot/db/matrixmul.compgen.tcl 
INFO-FLOW: DBG:CMD:       generate_ip_cores sim=0 export=1 expOnly=1 dstVlogDir=impl/.pcores/verilog
Execute     source G:/DLA/Lab1/matrixmul/solution1/.autopilot/db/global.setting.tcl 
Execute     source G:/DLA/Lab1/matrixmul/solution1/.autopilot/db/matrixmul.compgen.tcl 
INFO-FLOW: DBG:CMD:       generate_ip_cores sim=0 export=0 expOnly=0 dstVlogDir=impl/.pcores/verilog_sim
Execute     source G:/DLA/Lab1/matrixmul/solution1/.autopilot/db/global.setting.tcl 
Execute     source G:/DLA/Lab1/matrixmul/solution1/.autopilot/db/matrixmul.compgen.tcl 
Execute     source G:/DLA/Lab1/matrixmul/solution1/.autopilot/db/global.setting.tcl 
Execute     source G:/DLA/Lab1/matrixmul/solution1/.autopilot/db/matrixmul.constraint.tcl 
Execute     source G:/DLA/Lab1/matrixmul/solution1/.autopilot/db/matrixmul.tbgen.tcl 
INFO-FLOW: DBG:CMD:       hasPcoreIpAdapter=false #gSsdmPorts=0
INFO-FLOW: DBG:CMD:       copy ip_driver_dir 1_0 G:/DLA/Lab1/matrixmul/solution1/.autopilot/db/driver
INFO-FLOW: DBG:CMD:       generate_ip_script #gSsdmPorts=0
Execute     source G:/DLA/Lab1/matrixmul/solution1/.autopilot/db/matrixmul.tbgen.tcl 
Execute     source G:/DLA/Lab1/matrixmul/solution1/.autopilot/db/global.setting.tcl 
Execute     get_config_sdx -target 
INFO-FLOW: DBG:CMD:       generate_ip_auxiliary
Execute     source G:/DLA/Lab1/matrixmul/solution1/.autopilot/db/global.setting.tcl 
INFO-FLOW: DBG:CMD:       prepArgInfo -> loadAnalyze_DB top_module=matrixmul
Execute     source G:/DLA/Lab1/matrixmul/solution1/.autopilot/db/matrixmul.rtl_wrap.cfg.tcl 
Execute     source G:/DLA/Lab1/matrixmul/solution1/.autopilot/db/matrixmul.rtl_wrap.cfg.tcl 
Execute     source G:/DLA/Lab1/matrixmul/solution1/.autopilot/db/matrixmul.rtl_wrap.cfg.tcl 
Execute     source G:/DLA/Lab1/matrixmul/solution1/.autopilot/db/matrixmul.tbgen.tcl 
Execute     source G:/DLA/Lab1/matrixmul/solution1/.autopilot/db/matrixmul.tbgen.tcl 
Execute     source G:/DLA/Lab1/matrixmul/solution1/.autopilot/db/matrixmul.tbgen.tcl 
INFO-FLOW: DBG:CMD:       generate_top_info
INFO-FLOW: DBG:CMD:       prepArgInfo -> loadAnalyze_DB top_module=matrixmul
Execute     source G:/DLA/Lab1/matrixmul/solution1/.autopilot/db/matrixmul.rtl_wrap.cfg.tcl 
Execute     source G:/DLA/Lab1/matrixmul/solution1/.autopilot/db/matrixmul.rtl_wrap.cfg.tcl 
Execute     source G:/DLA/Lab1/matrixmul/solution1/.autopilot/db/matrixmul.rtl_wrap.cfg.tcl 
Execute     source G:/DLA/Lab1/matrixmul/solution1/.autopilot/db/matrixmul.tbgen.tcl 
Execute     source G:/DLA/Lab1/matrixmul/solution1/.autopilot/db/matrixmul.tbgen.tcl 
Execute     source G:/DLA/Lab1/matrixmul/solution1/.autopilot/db/global.setting.tcl 
Execute     source G:/DLA/Lab1/matrixmul/solution1/.autopilot/db/matrixmul.tbgen.tcl 
Execute     source G:/DLA/Lab1/matrixmul/solution1/.autopilot/db/global.setting.tcl 
Execute     source G:/DLA/Lab1/matrixmul/solution1/.autopilot/db/matrixmul.constraint.tcl 
INFO-FLOW: DBG:CMD:       generate_ipi_example_script
INFO-FLOW: DBG:CMD:       generate_syn_sh
Execute     source G:/DLA/Lab1/matrixmul/solution1/.autopilot/db/global.setting.tcl 
Execute     source G:/DLA/Lab1/matrixmul/solution1/.autopilot/db/global.setting.tcl 
INFO-FLOW: DBG:CMD:       generate_imp_constraints
Execute     source G:/DLA/Lab1/matrixmul/solution1/.autopilot/db/matrixmul.constraint.tcl 
Execute     source G:/DLA/Lab1/matrixmul/solution1/.autopilot/db/matrixmul.tbgen.tcl 
Execute     source G:/DLA/Lab1/matrixmul/solution1/.autopilot/db/matrixmul.constraint.tcl 
Execute     source G:/DLA/Lab1/matrixmul/solution1/.autopilot/db/matrixmul.tbgen.tcl 
INFO-FLOW: DBG:CMD:       copy-tb-rtl-files
INFO-FLOW: DBG:CMD:       copy-tb-data-files
INFO-FLOW: DBG:CMD:       delete-temp-dirs (skipped for debug)
INFO-FLOW: DBG:CMD: read_platform_lib G:/DLA/Lab1/matrixmul/solution1/.autopilot/db/global.setting.tcl
Execute     source G:/Vivado/Vivado/Vivado/2018.3/common/technology/generic/autopilot/common.gen 
Execute       source G:/Vivado/Vivado/Vivado/2018.3/common/technology/generic/autopilot/APCoreGen.gen 
Execute     source G:/Vivado/Vivado/Vivado/2018.3/common/technology/generic/autopilot/op.gen 
Execute     source G:/Vivado/Vivado/Vivado/2018.3/common/technology/generic/autopilot/op_simcore.gen 
Execute     source G:/Vivado/Vivado/Vivado/2018.3/common/technology/generic/autopilot/interface.gen 
Execute     source G:/DLA/Lab1/matrixmul/solution1/.autopilot/db/global.setting.tcl 
Execute     source G:/Vivado/Vivado/Vivado/2018.3/common/technology/xilinx/zynq/zynq.gen 
Execute       source G:/Vivado/Vivado/Vivado/2018.3/common/technology/xilinx/common/virtex.gen 
Execute         source G:/Vivado/Vivado/Vivado/2018.3/common/technology/xilinx/common/xilinx.gen 
Execute           source G:/Vivado/Vivado/Vivado/2018.3/common/technology/xilinx/interface/plb46.gen 
Execute           source G:/Vivado/Vivado/Vivado/2018.3/common/technology/xilinx/interface/fsl.gen 
Execute           source G:/Vivado/Vivado/Vivado/2018.3/common/technology/xilinx/interface/axi4.gen 
Execute           source G:/Vivado/Vivado/Vivado/2018.3/common/technology/xilinx/interface/nativeAXI4.gen 
Execute             source G:/Vivado/Vivado/Vivado/2018.3/common/technology/xilinx/interface/saxilite.gen 
Execute             source G:/Vivado/Vivado/Vivado/2018.3/common/technology/xilinx/interface/maxi.gen 
Execute           source G:/Vivado/Vivado/Vivado/2018.3/common/technology/xilinx/scripts/xilinxcoregen.gen 
Execute           source G:/Vivado/Vivado/Vivado/2018.3/common/technology/xilinx/interface/XilEDKCoreGen.gen 
Execute           source G:/Vivado/Vivado/Vivado/2018.3/common/technology/xilinx/ip/dds_compiler.gen 
Execute           source G:/Vivado/Vivado/Vivado/2018.3/common/technology/xilinx/ip/util.gen 
Execute           source G:/Vivado/Vivado/Vivado/2018.3/common/technology/xilinx/ip/xfft.gen 
Execute           source G:/Vivado/Vivado/Vivado/2018.3/common/technology/xilinx/ip/xfir.gen 
Command         ap_source done; 0.105 sec.
Execute         source G:/Vivado/Vivado/Vivado/2018.3/common/technology/xilinx/common/dsp48.gen 
Command       ap_source done; 0.107 sec.
Command     ap_source done; 0.107 sec.
Execute     source G:/Vivado/Vivado/Vivado/2018.3/common/technology/xilinx/zynq/zynq_fpv6.gen 
Execute       source G:/Vivado/Vivado/Vivado/2018.3/common/technology/xilinx/common/xilinx_fpv6.gen 
INFO-FLOW: DBG:CMD:     exec G:/DLA/Lab1/matrixmul/solution1/impl/ip/pack.bat
Command   export_design done; 6.933 sec.
Command ap_source done; 7.166 sec.
Execute cleanup_all 
