#-----------------------------------------------------------
# Vivado v2018.3 (64-bit)
# SW Build 2405991 on Thu Dec  6 23:38:27 MST 2018
# IP Build 2404404 on Fri Dec  7 01:43:56 MST 2018
# Start of session at: Tue Nov 17 21:04:26 2020
# Process ID: 13540
# Current directory: G:/DLA/Lab1/matrixmul/solution1/sim/verilog
# Command line: vivado.exe -source open_wave.tcl
# Log file: G:/DLA/Lab1/matrixmul/solution1/sim/verilog/vivado.log
# Journal file: G:/DLA/Lab1/matrixmul/solution1/sim/verilog\vivado.jou
#-----------------------------------------------------------
start_gui
source open_wave.tcl
# current_fileset
INFO: [IP_Flow 19-234] Refreshing IP repositories
INFO: [IP_Flow 19-1704] No user IP repositories specified
INFO: [IP_Flow 19-2313] Loaded Vivado IP repository 'G:/Vivado/Vivado/Vivado/2018.3/data/ip'.
current_fileset: Time (s): cpu = 00:00:08 ; elapsed = 00:00:13 . Memory (MB): peak = 685.438 ; gain = 73.715
# open_wave_database matrixmul.wdb
open_wave_config G:/DLA/Lab1/matrixmul/solution1/sim/verilog/matrixmul.wcfg
close_sim
INFO: [Simtcl 6-16] Simulation closed
exit
INFO: [Common 17-206] Exiting Vivado at Tue Nov 17 21:07:34 2020...
