#-----------------------------------------------------------
# xsim v2018.3 (64-bit)
# SW Build 2405991 on Thu Dec  6 23:38:27 MST 2018
# IP Build 2404404 on Fri Dec  7 01:43:56 MST 2018
# Start of session at: Tue Nov 17 21:03:52 2020
# Process ID: 12148
# Current directory: G:/DLA/Lab1/matrixmul/solution1/sim/verilog
# Command line: xsim.exe -mode tcl -source {xsim.dir/matrixmul/xsim_script.tcl}
# Log file: G:/DLA/Lab1/matrixmul/solution1/sim/verilog/xsim.log
# Journal file: G:/DLA/Lab1/matrixmul/solution1/sim/verilog\xsim.jou
#-----------------------------------------------------------
source xsim.dir/matrixmul/xsim_script.tcl
# xsim {matrixmul} -autoloadwcfg -tclbatch {matrixmul.tcl}
Vivado Simulator 2018.3
Time resolution is 1 ps
source matrixmul.tcl
## log_wave -r /
WARNING: [Simtcl 6-197] One or more HDL objects could not be logged because of object type or size limitations.  To see details please rerun the command with -verbose (-v).
## set designtopgroup [add_wave_group "Design Top Signals"]
## set cinoutgroup [add_wave_group "C InOuts" -into $designtopgroup]
## set A__B__out_group [add_wave_group A__B__out(axi_master) -into $cinoutgroup]
## set rdata_group [add_wave_group "Read Channel" -into $A__B__out_group]
## set wdata_group [add_wave_group "Write Channel" -into $A__B__out_group]
## set ctrl_group [add_wave_group "Handshakes" -into $A__B__out_group]
## add_wave /apatb_matrixmul_top/AESL_inst_matrixmul/m_axi_gmem_BUSER -into $wdata_group -radix hex
## add_wave /apatb_matrixmul_top/AESL_inst_matrixmul/m_axi_gmem_BID -into $wdata_group -radix hex
## add_wave /apatb_matrixmul_top/AESL_inst_matrixmul/m_axi_gmem_BRESP -into $wdata_group -radix hex
## add_wave /apatb_matrixmul_top/AESL_inst_matrixmul/m_axi_gmem_BREADY -into $ctrl_group -color #ffff00 -radix hex
## add_wave /apatb_matrixmul_top/AESL_inst_matrixmul/m_axi_gmem_BVALID -into $ctrl_group -color #ffff00 -radix hex
## add_wave /apatb_matrixmul_top/AESL_inst_matrixmul/m_axi_gmem_RRESP -into $rdata_group -radix hex
## add_wave /apatb_matrixmul_top/AESL_inst_matrixmul/m_axi_gmem_RUSER -into $rdata_group -radix hex
## add_wave /apatb_matrixmul_top/AESL_inst_matrixmul/m_axi_gmem_RID -into $rdata_group -radix hex
## add_wave /apatb_matrixmul_top/AESL_inst_matrixmul/m_axi_gmem_RLAST -into $ctrl_group -color #ffff00 -radix hex
## add_wave /apatb_matrixmul_top/AESL_inst_matrixmul/m_axi_gmem_RDATA -into $rdata_group -radix hex
## add_wave /apatb_matrixmul_top/AESL_inst_matrixmul/m_axi_gmem_RREADY -into $ctrl_group -color #ffff00 -radix hex
## add_wave /apatb_matrixmul_top/AESL_inst_matrixmul/m_axi_gmem_RVALID -into $ctrl_group -color #ffff00 -radix hex
## add_wave /apatb_matrixmul_top/AESL_inst_matrixmul/m_axi_gmem_ARUSER -into $rdata_group -radix hex
## add_wave /apatb_matrixmul_top/AESL_inst_matrixmul/m_axi_gmem_ARREGION -into $rdata_group -radix hex
## add_wave /apatb_matrixmul_top/AESL_inst_matrixmul/m_axi_gmem_ARQOS -into $rdata_group -radix hex
## add_wave /apatb_matrixmul_top/AESL_inst_matrixmul/m_axi_gmem_ARPROT -into $rdata_group -radix hex
## add_wave /apatb_matrixmul_top/AESL_inst_matrixmul/m_axi_gmem_ARCACHE -into $rdata_group -radix hex
## add_wave /apatb_matrixmul_top/AESL_inst_matrixmul/m_axi_gmem_ARLOCK -into $rdata_group -radix hex
## add_wave /apatb_matrixmul_top/AESL_inst_matrixmul/m_axi_gmem_ARBURST -into $rdata_group -radix hex
## add_wave /apatb_matrixmul_top/AESL_inst_matrixmul/m_axi_gmem_ARSIZE -into $rdata_group -radix hex
## add_wave /apatb_matrixmul_top/AESL_inst_matrixmul/m_axi_gmem_ARLEN -into $rdata_group -radix hex
## add_wave /apatb_matrixmul_top/AESL_inst_matrixmul/m_axi_gmem_ARID -into $rdata_group -radix hex
## add_wave /apatb_matrixmul_top/AESL_inst_matrixmul/m_axi_gmem_ARADDR -into $rdata_group -radix hex
## add_wave /apatb_matrixmul_top/AESL_inst_matrixmul/m_axi_gmem_ARREADY -into $ctrl_group -color #ffff00 -radix hex
## add_wave /apatb_matrixmul_top/AESL_inst_matrixmul/m_axi_gmem_ARVALID -into $ctrl_group -color #ffff00 -radix hex
## add_wave /apatb_matrixmul_top/AESL_inst_matrixmul/m_axi_gmem_WUSER -into $wdata_group -radix hex
## add_wave /apatb_matrixmul_top/AESL_inst_matrixmul/m_axi_gmem_WID -into $wdata_group -radix hex
## add_wave /apatb_matrixmul_top/AESL_inst_matrixmul/m_axi_gmem_WLAST -into $ctrl_group -color #ffff00 -radix hex
## add_wave /apatb_matrixmul_top/AESL_inst_matrixmul/m_axi_gmem_WSTRB -into $wdata_group -radix hex
## add_wave /apatb_matrixmul_top/AESL_inst_matrixmul/m_axi_gmem_WDATA -into $wdata_group -radix hex
## add_wave /apatb_matrixmul_top/AESL_inst_matrixmul/m_axi_gmem_WREADY -into $ctrl_group -color #ffff00 -radix hex
## add_wave /apatb_matrixmul_top/AESL_inst_matrixmul/m_axi_gmem_WVALID -into $ctrl_group -color #ffff00 -radix hex
## add_wave /apatb_matrixmul_top/AESL_inst_matrixmul/m_axi_gmem_AWUSER -into $wdata_group -radix hex
## add_wave /apatb_matrixmul_top/AESL_inst_matrixmul/m_axi_gmem_AWREGION -into $wdata_group -radix hex
## add_wave /apatb_matrixmul_top/AESL_inst_matrixmul/m_axi_gmem_AWQOS -into $wdata_group -radix hex
## add_wave /apatb_matrixmul_top/AESL_inst_matrixmul/m_axi_gmem_AWPROT -into $wdata_group -radix hex
## add_wave /apatb_matrixmul_top/AESL_inst_matrixmul/m_axi_gmem_AWCACHE -into $wdata_group -radix hex
## add_wave /apatb_matrixmul_top/AESL_inst_matrixmul/m_axi_gmem_AWLOCK -into $wdata_group -radix hex
## add_wave /apatb_matrixmul_top/AESL_inst_matrixmul/m_axi_gmem_AWBURST -into $wdata_group -radix hex
## add_wave /apatb_matrixmul_top/AESL_inst_matrixmul/m_axi_gmem_AWSIZE -into $wdata_group -radix hex
## add_wave /apatb_matrixmul_top/AESL_inst_matrixmul/m_axi_gmem_AWLEN -into $wdata_group -radix hex
## add_wave /apatb_matrixmul_top/AESL_inst_matrixmul/m_axi_gmem_AWID -into $wdata_group -radix hex
## add_wave /apatb_matrixmul_top/AESL_inst_matrixmul/m_axi_gmem_AWADDR -into $wdata_group -radix hex
## add_wave /apatb_matrixmul_top/AESL_inst_matrixmul/m_axi_gmem_AWREADY -into $ctrl_group -color #ffff00 -radix hex
## add_wave /apatb_matrixmul_top/AESL_inst_matrixmul/m_axi_gmem_AWVALID -into $ctrl_group -color #ffff00 -radix hex
## set A__B__out_r__return_group [add_wave_group A__B__out_r__return(axi_slave) -into $cinoutgroup]
## add_wave /apatb_matrixmul_top/AESL_inst_matrixmul/interrupt -into $A__B__out_r__return_group -color #ffff00 -radix hex
## add_wave /apatb_matrixmul_top/AESL_inst_matrixmul/s_axi_AXILiteS_BRESP -into $A__B__out_r__return_group -radix hex
## add_wave /apatb_matrixmul_top/AESL_inst_matrixmul/s_axi_AXILiteS_BREADY -into $A__B__out_r__return_group -color #ffff00 -radix hex
## add_wave /apatb_matrixmul_top/AESL_inst_matrixmul/s_axi_AXILiteS_BVALID -into $A__B__out_r__return_group -color #ffff00 -radix hex
## add_wave /apatb_matrixmul_top/AESL_inst_matrixmul/s_axi_AXILiteS_RRESP -into $A__B__out_r__return_group -radix hex
## add_wave /apatb_matrixmul_top/AESL_inst_matrixmul/s_axi_AXILiteS_RDATA -into $A__B__out_r__return_group -radix hex
## add_wave /apatb_matrixmul_top/AESL_inst_matrixmul/s_axi_AXILiteS_RREADY -into $A__B__out_r__return_group -color #ffff00 -radix hex
## add_wave /apatb_matrixmul_top/AESL_inst_matrixmul/s_axi_AXILiteS_RVALID -into $A__B__out_r__return_group -color #ffff00 -radix hex
## add_wave /apatb_matrixmul_top/AESL_inst_matrixmul/s_axi_AXILiteS_ARREADY -into $A__B__out_r__return_group -color #ffff00 -radix hex
## add_wave /apatb_matrixmul_top/AESL_inst_matrixmul/s_axi_AXILiteS_ARVALID -into $A__B__out_r__return_group -color #ffff00 -radix hex
## add_wave /apatb_matrixmul_top/AESL_inst_matrixmul/s_axi_AXILiteS_ARADDR -into $A__B__out_r__return_group -radix hex
## add_wave /apatb_matrixmul_top/AESL_inst_matrixmul/s_axi_AXILiteS_WSTRB -into $A__B__out_r__return_group -radix hex
## add_wave /apatb_matrixmul_top/AESL_inst_matrixmul/s_axi_AXILiteS_WDATA -into $A__B__out_r__return_group -radix hex
## add_wave /apatb_matrixmul_top/AESL_inst_matrixmul/s_axi_AXILiteS_WREADY -into $A__B__out_r__return_group -color #ffff00 -radix hex
## add_wave /apatb_matrixmul_top/AESL_inst_matrixmul/s_axi_AXILiteS_WVALID -into $A__B__out_r__return_group -color #ffff00 -radix hex
## add_wave /apatb_matrixmul_top/AESL_inst_matrixmul/s_axi_AXILiteS_AWREADY -into $A__B__out_r__return_group -color #ffff00 -radix hex
## add_wave /apatb_matrixmul_top/AESL_inst_matrixmul/s_axi_AXILiteS_AWVALID -into $A__B__out_r__return_group -color #ffff00 -radix hex
## add_wave /apatb_matrixmul_top/AESL_inst_matrixmul/s_axi_AXILiteS_AWADDR -into $A__B__out_r__return_group -radix hex
## set blocksiggroup [add_wave_group "Block-level IO Handshake(internal)" -into $designtopgroup]
## add_wave /apatb_matrixmul_top/AESL_inst_matrixmul/ap_done -into $blocksiggroup
## add_wave /apatb_matrixmul_top/AESL_inst_matrixmul/ap_idle -into $blocksiggroup
## add_wave /apatb_matrixmul_top/AESL_inst_matrixmul/ap_ready -into $blocksiggroup
## add_wave /apatb_matrixmul_top/AESL_inst_matrixmul/ap_start -into $blocksiggroup
## set resetgroup [add_wave_group "Reset" -into $designtopgroup]
## add_wave /apatb_matrixmul_top/AESL_inst_matrixmul/ap_rst_n -into $resetgroup
## set clockgroup [add_wave_group "Clock" -into $designtopgroup]
## add_wave /apatb_matrixmul_top/AESL_inst_matrixmul/ap_clk -into $clockgroup
## set testbenchgroup [add_wave_group "Test Bench Signals"]
## set tbinternalsiggroup [add_wave_group "Internal Signals" -into $testbenchgroup]
## set tb_simstatus_group [add_wave_group "Simulation Status" -into $tbinternalsiggroup]
## set tb_portdepth_group [add_wave_group "Port Depth" -into $tbinternalsiggroup]
## add_wave /apatb_matrixmul_top/AUTOTB_TRANSACTION_NUM -into $tb_simstatus_group -radix hex
## add_wave /apatb_matrixmul_top/ready_cnt -into $tb_simstatus_group -radix hex
## add_wave /apatb_matrixmul_top/done_cnt -into $tb_simstatus_group -radix hex
## add_wave /apatb_matrixmul_top/LENGTH_gmem -into $tb_portdepth_group -radix hex
## add_wave /apatb_matrixmul_top/LENGTH_A -into $tb_portdepth_group -radix hex
## add_wave /apatb_matrixmul_top/LENGTH_B -into $tb_portdepth_group -radix hex
## add_wave /apatb_matrixmul_top/LENGTH_out_r -into $tb_portdepth_group -radix hex
## set tbcinoutgroup [add_wave_group "C InOuts" -into $testbenchgroup]
## set tb_A__B__out_group [add_wave_group A__B__out(axi_master) -into $tbcinoutgroup]
## set rdata_group [add_wave_group "Read Channel" -into $tb_A__B__out_group]
## set wdata_group [add_wave_group "Write Channel" -into $tb_A__B__out_group]
## set ctrl_group [add_wave_group "Handshakes" -into $tb_A__B__out_group]
## add_wave /apatb_matrixmul_top/gmem_BUSER -into $wdata_group -radix hex
## add_wave /apatb_matrixmul_top/gmem_BID -into $wdata_group -radix hex
## add_wave /apatb_matrixmul_top/gmem_BRESP -into $wdata_group -radix hex
## add_wave /apatb_matrixmul_top/gmem_BREADY -into $ctrl_group -color #ffff00 -radix hex
## add_wave /apatb_matrixmul_top/gmem_BVALID -into $ctrl_group -color #ffff00 -radix hex
## add_wave /apatb_matrixmul_top/gmem_RRESP -into $rdata_group -radix hex
## add_wave /apatb_matrixmul_top/gmem_RUSER -into $rdata_group -radix hex
## add_wave /apatb_matrixmul_top/gmem_RID -into $rdata_group -radix hex
## add_wave /apatb_matrixmul_top/gmem_RLAST -into $ctrl_group -color #ffff00 -radix hex
## add_wave /apatb_matrixmul_top/gmem_RDATA -into $rdata_group -radix hex
## add_wave /apatb_matrixmul_top/gmem_RREADY -into $ctrl_group -color #ffff00 -radix hex
## add_wave /apatb_matrixmul_top/gmem_RVALID -into $ctrl_group -color #ffff00 -radix hex
## add_wave /apatb_matrixmul_top/gmem_ARUSER -into $rdata_group -radix hex
## add_wave /apatb_matrixmul_top/gmem_ARREGION -into $rdata_group -radix hex
## add_wave /apatb_matrixmul_top/gmem_ARQOS -into $rdata_group -radix hex
## add_wave /apatb_matrixmul_top/gmem_ARPROT -into $rdata_group -radix hex
## add_wave /apatb_matrixmul_top/gmem_ARCACHE -into $rdata_group -radix hex
## add_wave /apatb_matrixmul_top/gmem_ARLOCK -into $rdata_group -radix hex
## add_wave /apatb_matrixmul_top/gmem_ARBURST -into $rdata_group -radix hex
## add_wave /apatb_matrixmul_top/gmem_ARSIZE -into $rdata_group -radix hex
## add_wave /apatb_matrixmul_top/gmem_ARLEN -into $rdata_group -radix hex
## add_wave /apatb_matrixmul_top/gmem_ARID -into $rdata_group -radix hex
## add_wave /apatb_matrixmul_top/gmem_ARADDR -into $rdata_group -radix hex
## add_wave /apatb_matrixmul_top/gmem_ARREADY -into $ctrl_group -color #ffff00 -radix hex
## add_wave /apatb_matrixmul_top/gmem_ARVALID -into $ctrl_group -color #ffff00 -radix hex
## add_wave /apatb_matrixmul_top/gmem_WUSER -into $wdata_group -radix hex
## add_wave /apatb_matrixmul_top/gmem_WID -into $wdata_group -radix hex
## add_wave /apatb_matrixmul_top/gmem_WLAST -into $ctrl_group -color #ffff00 -radix hex
## add_wave /apatb_matrixmul_top/gmem_WSTRB -into $wdata_group -radix hex
## add_wave /apatb_matrixmul_top/gmem_WDATA -into $wdata_group -radix hex
## add_wave /apatb_matrixmul_top/gmem_WREADY -into $ctrl_group -color #ffff00 -radix hex
## add_wave /apatb_matrixmul_top/gmem_WVALID -into $ctrl_group -color #ffff00 -radix hex
## add_wave /apatb_matrixmul_top/gmem_AWUSER -into $wdata_group -radix hex
## add_wave /apatb_matrixmul_top/gmem_AWREGION -into $wdata_group -radix hex
## add_wave /apatb_matrixmul_top/gmem_AWQOS -into $wdata_group -radix hex
## add_wave /apatb_matrixmul_top/gmem_AWPROT -into $wdata_group -radix hex
## add_wave /apatb_matrixmul_top/gmem_AWCACHE -into $wdata_group -radix hex
## add_wave /apatb_matrixmul_top/gmem_AWLOCK -into $wdata_group -radix hex
## add_wave /apatb_matrixmul_top/gmem_AWBURST -into $wdata_group -radix hex
## add_wave /apatb_matrixmul_top/gmem_AWSIZE -into $wdata_group -radix hex
## add_wave /apatb_matrixmul_top/gmem_AWLEN -into $wdata_group -radix hex
## add_wave /apatb_matrixmul_top/gmem_AWID -into $wdata_group -radix hex
## add_wave /apatb_matrixmul_top/gmem_AWADDR -into $wdata_group -radix hex
## add_wave /apatb_matrixmul_top/gmem_AWREADY -into $ctrl_group -color #ffff00 -radix hex
## add_wave /apatb_matrixmul_top/gmem_AWVALID -into $ctrl_group -color #ffff00 -radix hex
## set tb_A__B__out_r__return_group [add_wave_group A__B__out_r__return(axi_slave) -into $tbcinoutgroup]
## add_wave /apatb_matrixmul_top/AXILiteS_INTERRUPT -into $tb_A__B__out_r__return_group -color #ffff00 -radix hex
## add_wave /apatb_matrixmul_top/AXILiteS_BRESP -into $tb_A__B__out_r__return_group -radix hex
## add_wave /apatb_matrixmul_top/AXILiteS_BREADY -into $tb_A__B__out_r__return_group -color #ffff00 -radix hex
## add_wave /apatb_matrixmul_top/AXILiteS_BVALID -into $tb_A__B__out_r__return_group -color #ffff00 -radix hex
## add_wave /apatb_matrixmul_top/AXILiteS_RRESP -into $tb_A__B__out_r__return_group -radix hex
## add_wave /apatb_matrixmul_top/AXILiteS_RDATA -into $tb_A__B__out_r__return_group -radix hex
## add_wave /apatb_matrixmul_top/AXILiteS_RREADY -into $tb_A__B__out_r__return_group -color #ffff00 -radix hex
## add_wave /apatb_matrixmul_top/AXILiteS_RVALID -into $tb_A__B__out_r__return_group -color #ffff00 -radix hex
## add_wave /apatb_matrixmul_top/AXILiteS_ARREADY -into $tb_A__B__out_r__return_group -color #ffff00 -radix hex
## add_wave /apatb_matrixmul_top/AXILiteS_ARVALID -into $tb_A__B__out_r__return_group -color #ffff00 -radix hex
## add_wave /apatb_matrixmul_top/AXILiteS_ARADDR -into $tb_A__B__out_r__return_group -radix hex
## add_wave /apatb_matrixmul_top/AXILiteS_WSTRB -into $tb_A__B__out_r__return_group -radix hex
## add_wave /apatb_matrixmul_top/AXILiteS_WDATA -into $tb_A__B__out_r__return_group -radix hex
## add_wave /apatb_matrixmul_top/AXILiteS_WREADY -into $tb_A__B__out_r__return_group -color #ffff00 -radix hex
## add_wave /apatb_matrixmul_top/AXILiteS_WVALID -into $tb_A__B__out_r__return_group -color #ffff00 -radix hex
## add_wave /apatb_matrixmul_top/AXILiteS_AWREADY -into $tb_A__B__out_r__return_group -color #ffff00 -radix hex
## add_wave /apatb_matrixmul_top/AXILiteS_AWVALID -into $tb_A__B__out_r__return_group -color #ffff00 -radix hex
## add_wave /apatb_matrixmul_top/AXILiteS_AWADDR -into $tb_A__B__out_r__return_group -radix hex
## save_wave_config matrixmul.wcfg
## run all
////////////////////////////////////////////////////////////////////////////////////
// Inter-Transaction Progress: Completed Transaction / Total Transaction
// Intra-Transaction Progress: Measured Latency / Latency Estimation * 100%
//
// RTL Simulation : "Inter-Transaction Progress" ["Intra-Transaction Progress"] @ "Simulation Time"
////////////////////////////////////////////////////////////////////////////////////
// RTL Simulation : 0 / 1 [0.00%] @ "125000"
// RTL Simulation : 1 / 1 [100.00%] @ "3455000"
////////////////////////////////////////////////////////////////////////////////////
$finish called at time : 3495 ns : File "G:/DLA/Lab1/matrixmul/solution1/sim/verilog/matrixmul.autotb.v" Line 445
## quit
INFO: [Common 17-206] Exiting xsim at Tue Nov 17 21:03:57 2020...
